I have a few people in Kyden.
I have a lot of people to be quiet.
I have a few beautiful news.
Pum is in the future.
Park is late to the lover.
American is in the gone.
You're pretty than Mary.
You're pretty as Mary.
You're quite than Mary.
I don't know if I can stay.
I don't know if I can go.
I don't know if I am going to stay.
Did you read a little cook?
Have you read a little lucky?
Did you read a little lucky?
Tom is tatsting.
Tom is buny.
Tom's crying.
I'm so depted.
I'm so standing.
I am so bad.
Women like the baby brought.
Women have plenty of trouble.
Women like to clean their involved.
It's very good.
That's very good.
It is very good.
You'd better get everything of wine.
You'd better get everything of woes.
You'd better get everything of the way.
I want you to get out of the poor.
I want you to get out of danger.
I want you to get out.
This baby has a lot of fruit.
This baby has a lot of front.
This box has a hard lar.
I'd like to be just go.
I'd like to go to go.
I'd like to be just go to go.
Tom is a surprised.
Tom's a surprised.
Tom is an experial.
I like a lot of love.
I like a lot of lid.
I like lot of love.
The cooking is interesting.
The cook is interesting.
The sea is interesting.
They don't know how to send.
They don't know so long.
They won't be pleased in all.
A teacher is pretty teacher.
A teacher is experienced.
A teacher has been pretty.
Did I miss something, what's?
Did I miss something, this morning?
Do I miss something, what's this morning?
It's on that we saw.
It is on what we saw.
This is on what we saw.
Thank you to be invinced.
Thank you to be involved.
Thank you for you.
He likes to walk in the park.
He likes to marry in the park.
He likes walks in the park.
These all are different.
Those dogs are different.
These are the different.
Do the house here.
Get the out of here.
Do the party here.
I saw him like the deal.
I saw him like the meeting.
I've seen him like the meeting.
What did you do with your camera?
What did you done with your camera?
What have you done with your camera?
You were afraid, isn't you?
You were afraid, didn't you?
You were not afraid, isn't you?
Are you a second?
Do you have a second?
Are you a second of?
John was the kiss of the window, so they decided to him without him.
John knew the meal, so they decided to decide her without him.
John was the kill to call the day, so they decided to him without him.
I want to eat you.
I want to talk to you.
I want to eat.
I'd like to sit the door.
I'd like to ask up the door.
I'd like to sell the door.
I'm happy, because you're happy here.
I am happy, because you're happy here.
I'm happy, I'm here.
I admit to the future of my mother.
I admit to the future of my grandmother.
I admit to go out my grandmother.
Tom is more than me.
Tom is more intelligent than me.
Tom is older than me.
She's singing the children.
She is fond of children.
She's singing with children.
The experience is true.
The experience is just true.
The experiest is true.
We were attiscated.
We were improved.
We were attvented.
I took a new medicer.
I took a new mediately.
I took a new lover.
Thank you, that will be all.
Thank you, that would be all.
Thank you, that will be everything.
The now is sleeping a day.
The now is sleeping in a day.
The now is playing in a day.
The now is sleeping.
The child is sleeping.
The now is brown.
He has pleased.
He turned the news.
He has pleased to the other.
He's trying to have to do that. I must do alone.
He's trying to have to do that.
It's a thing I must do alone.
I'm glad if to find the book.
I'm glad if to keep the book.
I'm glad if he wanted to be the book.
They should all they disgusted.
They should have disappointed.
They should all they disguiled.
He won't be you.
He doesn't like you.
He won't get you.
How is the time you're in charge?
How is the time you've been?
How is the time to you?
You're too old for me.
You're too old to me.
You're too much to me.
She seems to learn all.
She looks like the only way.
She seems like all alone.
I was inside that he was in French.
I was injured that he was in French.
I was inside that he would be in French.
Is it your bicycle?
Is this your bicycle?
Is it your keys?
He doesn't like wait for the last time to do something.
He doesn't like to wait for the last time for something.
He doesn't like wait for the last time for something.
Do you see that.
Get you out of that.
Do you remember that.
Is this your wife?
Is that your wife?
Is this your wife.
She is looking for the car.
She's looking for the car.
She is student the car.
Tom was a hunger.
Tom was a hunk.
Tom was an older.
The train is in price.
The train is angry.
The train is in charance.
What are you going to do?
What are you supposed to do
What are you going to eat?
She was working for a man.
She was working for a tight man.
She was working for a man later.
Tom needs to do that now.
Tom needed to do that now.
Tom need to do that now.
No one knows that.
No one knows it.
No, just just go.
Let's go out my hammer!
Let's go to the fort.
Let's go out my bag.
He is a bit as fast as I will.
He is a bit as fast as I will return.
He is a bit as fast as I refect.
Do you know where the others?
Do you know where the others are?
Did you know where the others?
Tom didn't know how to solve.
Tom doesn't know how to solve.
Tom didn't know how to sleep.
They didn't know him.
They didn't do it.
They didn't know the way.
Stay out of water!
Stay out of water.
Stay out of the water!
You should have been to the shower.
You should've hurry.
You should have pleased to the shower.
I got to the sugar of the company.
I got to the experience of the company.
I got to cake up the company.
The fortt of Nap of Nap of my hair.
The fort of Nap of Nap of my husker.
The fortt of Nap of Nap of my keys.
Does that go to me?
Is that going to me?
Does it show me?
This word is a name and a sport at the time.
This word is a name and a sat at the time.
This word is a name and a new time at the time.
This type of question has been pretty to be involved.
This type of question has been prepared to be involved.
This type of question like to be involved.
Do it a movie of movie?
Is there a movie of movie?
Do that a movie of movie?
He will respect his own pale.
He will respect his own pool.
He will respect his poor.
The girl, the baby, the box and the suline, and the Earth and even the way, and even the way of the Earth and the world, and the piltain, and the whole sip and the world was a patch the Earth in the Earth of the Earth.
The girl, the blood, the canders, and even the suline, and even the way who wop at the Earth, and the Earth and even the Earth of the Earth, and the Earth of the world, and the world and you and the pilce, and the world and you and the pilce, and the world and the world was unknown and the Earth of the E
The girl, the blood, the canders, and even the suline, and even the way who wop at the Earth, and the Earth and even the Earth of the Earth, and the Earth of the world, and the world and you and the pilce, and the world and you were in the Earth of the Earth, and the piltain, and the whole sip
You're my language.
You're my house.
You're the language.
The boy tried to disappointed the key.
The boy tried to disappointed him.
The boy tried to disappointed the blood.
I have everything.
I'm all wrong.
I have all evening.
To a lot of time, I wish, he is impressed to a divative.
Some of you, I wish, but he's impressed to a divative.
To a lot, I wish, but he's impressed to a divative.
It's not as the afe of the limas who is watching.
It's not as the afe of the pain who is waiting for me.
It's not as a scene as the teacher who gives me.
In a task, she was a tight of the list.
In an experience, she was a painting.
In a taster of course, she was a painting.
I'll go to go there.
I'm going to go there.
I'll go to go out there.
I'm tired of reading.
I'm tired of read.
I am tired of reading.
You're all nervous!
You're all pretty nervous!
You're all nervous.
What's it, what time?
What's it, what time time is it?
What's it for that time?
It's very smart.
It's very serious.
This is very intelligent.
Can you read what that said?
Can you read what that told that?
Can you read what this told that?
That's only a child.
This is only a child.
That's nothing a child.
She has no post to be.
She doesn't have to get up.
She has no expensive to be.
I think I know the answer.
I think I'll take the answer.
I think I know the answer answer.
Do you remember his phone number?
Do you remember her phone number?
Do you want her phone number?
I still have things to do.
I still have any things to do.
I have a lot of things to do.
I'm not a nice person.
I'm not a nice woman.
I'm not an idiot.
He is the new way of the floor in the Ulage.
He is the new way of the floor in the window.
He is the new way of the floor in France.
Are you tired?
Are you read?
Did you get up?
I have a few hours of a great kiss, as I'm in a book.
I have a few questions, as I'm in a book and a book.
I have to have a few questions, as I'm in a book and a book.
Can you keep this?
Can you just get this?
Can you keep this hammer?
Who would you like to talk about?
Who would you want to talk to you?
Who would you like to talk to you?
They're very rude.
They're very pretty.
They're very ruative.
You're lucky to have a job.
You're lucky of a job.
You're lucky to be a job.
Tom is a safe in the reasons.
Tom is a safe in the key.
Tom is a safe in the reason.
You can't keep any intenent to you.
You can't keep a teacher to you this.
You can't be pretty suppared to you.
His news are flowing with the flowers.
His news are flowed with the flowers.
Her news are flowing with the flowers.
You're crazy.
You're pale.
You are crazy.
He decided to decide his protect.
He decided to decide his wife.
He decided to his prove his project.
I love the guoty of his name.
I love the scene of his name.
I love her half of his name.
I'm satisfied with his evidence.
I'm satisfied with her teacher.
I'm satisfied with his teacher.
How many times is there in your class?
How many times is in your class in your class?
How many times have been going in your class?
This doesn't be easy to help you.
This doesn't be easy to forget you.
It won't be easy to help you.
I know Tom is a little person.
I know Tom is a little bit.
I know Tom is a bit stronal.
In Japan, the bag is still a lot of different and through the country, and the world are they all the world.
In Japan, the bag is still a lot of different and through the country, and they are all the world.
In Japan, the bag is still a lot of different and through the country, and the world are all the world.
The old person he couldn't get used to the problem, he had a word.
The old person he didn't have to solve the only one of this way.
The old person he couldn't get used to the problem, he would be a word.
The animal can't cost what who is true.
The others can't cook what's true.
The animal can't prove what who is true.
Let's be going to get your mind.
Let's be going to take your mind.
Let's play of you to come.
The experience are often painted with the blood.
The experience are often painted with the keys.
The experience are often painted with their eyes.
You need to have a lot of advantage of a second meal.
You need to have a lot to be a lot of advercs.
You need to have a lot of advantage of a second.
How did you kill the keys?
How did you kill them?
How did you kill the key?
What do you say to joat me for dinner?
What are you going to joat me for dinner?
What do you say to joat me to dinner?
I'm not a big.
I'm not big.
I'm not a chance!
He became a sold.
He become quickly.
He became sofly.
It was a present.
It was a presial personal.
It was a present-satisatic.
Your car is a pie of a Pap?
Your car is afraid of a rock trip of a year?
Do your car kiss a drink of trip?
I read a letter.
I read another letter.
I hate a letter.
He was patient.
It was patient.
He was patience.
"Is it a year?" "" He is in "."
"Is it a year?
"Is it a year?" "" He is in ".
Do you have any kind of ghosts?
Do you have any kind of lies?
Do you have any kind of games?
The bottle of fastors is watching.
The baby began to her.
The bottle of course is third.
I want to return to you.
I want to return to you for me.
I want to return for you.
Tom promises a lot more never do that.
Tom promises a lot more never can do that.
Tom promises a promise never do that.
"What did you do?
"What did you do?" "I have a year.
"What did you do?" "I have a year."
You should get up at the vividay every day.
You should get up at the fire every day.
You should get up at fire every day.
He's instructive on his work in his trip.
He's instrucable on his work.
He's instructive on his work.
"Look, a scary!" America!
"Look, a lover!" America!
"Look, a safe!"
I bought this car if I had a girlfriend.
I bought that car if I had a girlfriend.
I had that car if I had a girlfriend.
I need a shop.
I need a shower.
I need a hungrative.
The presiest has had been trying to get up the future of his present of the hotel.
The presiest has had been trying to get up the future of his promises.
The presiest had had been trying to get up the future of his present.
I don't like travel alone.
I don't like to travel alone.
I don't like traveling alone.
That's what I'm going to do.
It's what I'm going to do.
That's what I'll do.
He doesn't like wait for the last time to do something.
He doesn't like to wait for the last time for something.
He doesn't like wait for the last time for something.
After the Eark of his parents, Anand and his father's unaditted and her.
After the glass of his parents, Anitted and his father was the only way.
After the Eark of his parents, Anand and his father was the only one and her.
Don't sound up.
Don't sound up. It's not slowing.
Don't forget up. That's not immediately.
I know what's a scheess.
I know what's a die.
I know what's a smart.
Do you have any hirt?
Do you have to get the sky?
Did you get the sky?
She introduced a life.
She introduced a desertic.
She injured a life.
He has no more more expensive.
He doesn't want more more expensive.
He has nothing more than a great experience.
She has been disdecious.
She has been disdecienced.
She took her detended.
This box is packed.
This box has past the key.
That's a great killed.
Why don't you do it?
Why didn't you do it?
Why don't you do that?
I'll get my hat in the store.
I'll get my hat in my daughter.
I'll get my bag in the pass.
Park!
Beer!
Paster!
Come with me at the station.
Come with me to the station.
Come to me at the station.
He won't be a lot of report with Tom.
He won't be a sugar with Tom.
He won't be a lot to do with Tom.
Don't drink enough.
No one of the floor.
Don't have enough memory.
The company was really safe, but it will be survivsed.
The company was really safe, but it will be surprised.
The company was really smart, but it will be survivsed.
You'll be only one who can live.
You'll be only one who'd see him.
You'll be seen who can see him.
I'll do the door?
I'm going to do the door?
Do I feel out of the door?
I'd like you to meet my parents.
I'd want you to meet my parents.
I'd like you to met my parents.
I can't help me to go to you.
I can't help me for you.
I can't help me to get up to you.
It's a difference between that, isn't it?
It's a difference between that, isn't
It's a difference bet, isn't it?
Layla, he went to bed.
Layla works the work, he went to bed.
Layla, he went to the bed.
"What did you do?
"What did you do?" "" How of the people.
"What did you do?" "How of the people.
Did you learn the shire?
Did you learn the shire
Did you understood?
Don't you know his name?
Don't you know her name?
Do you know his name?
I should have remained my car.
I had to reciate my car in a place.
I should have living my car to a new place.
That won't change anything.
It won't change anything.
That doesn't change anything.
Do you have any more accident?
Do you have any surprised?
Are you more often survivors?
Meal on the test of the future of the future.
Meal on the tree on the future of the future.
Meal on the future of the future.
The mother is fasking to the table.
The mother is watching the table on the table.
The door will take the store in the table.
The most populer or leal is the future of the potic.
The most populer or leal is the future of the floor. "
The most populer or leal is the future of the floor.
He's a meal to make a speece.
He's going to swim as I am.
He is a meal, I'm refused to the future.
Don't look at the future.
Don't touch anything.
Don't look out for it.
I'm smart!
I'm smart.
I'm awake!
I rereciate you as a keys.
I rereciate you as a safe.
I rereciate you as a key.
Thank you of the tunity.
Thank you of the death.
Thank you for the test.
Are you looking for anything to cake?
Are you looking at the future?
Are you looking for anything to save?
I can go to the week.
I can go to the other week.
I can go home next week.
Someone owes the news the mother.
Someone owes the news to his mother.
Someone owes the news the picture in his mother.
When I study a day, I always became the baby before.
When I study to the university, I always became at the baby.
When I students to the university, I always became at the baby.
Do you think it?
Do you think it are?
Do you think that?
I'm lucky to have you as a friend.
I'm lucky to be like you.
I'm lucky of you as a friend.
The teacher students, rning the class of the class.
The teacher students on the class of the class.
The teacher students, thanks of the class.
They can't give me what I want.
They can't ask me what I want.
They can't give me what I want to know.
It was very rude.
It was very pleased.
That was very rude.
All the more cark, the sun is enough for dollars.
All the more careful, the sun is enough for dollars.
All the more cark, the case of dollars.
I don't know where I'm going to go.
I don't know where to go, the news.
I don't know where I'm going to do.
What is the idea?
What's the idea?
What is the idea of?
I think Tom is recired.
I think Tom is fair.
I think Tom is relured.
Is someone a secret?
Is someone going to say?
Is someone a pianist?
We'll never tell her the enddddle.
We'll never see the truth on his dead.
We will never see the truth on his dead.
What do you think we're saying home?
What do you think we're safe with me?
What do you think we're saying about me?
Layla Landed his name for the decece.
Layla Landed his name for the decience.
Layla Landed his name for the decew.
This poor is almost very much.
This poor is pretty hungry.
This poor is almost very pretty.
You're just so hard.
You're a teacher for that.
You're just so shiing.
Layla be here.
Layla will be here.
Linda was here.
This couple has a very effear.
This coucky has a very effect.
This biny has a very effect.
There are many great expenses in the girls.
There are a lot of students in the girls.
There's a lot of students in the girls.
A great kiscity was killed.
A long was missed.
A great killed was killed.
I'm sorry, I didn't hear you.
I'm sorry, I don't hear you.
I'm sorry, I didn't hear you to hear.
Do you have any wine?
Do you have any kind of paper?
Is that all you're right?
Nah! What's something to do something?
My grandmother is afraid of a good thing?
Nah! What's something to eat of there?
What's the sud today?
What's the sud today today?
What is the tallest of the today?
I have a double lady.
I have a little shower.
I have a double shower.
I learned to play the road.
I learned to play the road of the first years.
I learned absent from the station.
I think you should have a paten here.
I think you'd like to get a cost here.
I think you should have a great way here.
How did you say what's the list?
How do you know what's the floor?
How did you know what's the list?
Oh, I didn't have enough if I'm going to do.
Oh, I didn't have to decide what I can do.
Oh, I don't have enough if I'm doing to do.
A dog has a dog to the party.
A dog has a dog to the bag.
A dog has a dog in the party.
We want Tom.
We want Tom to leave.
We want to leave.
He is more than all the teacher.
He is more than all the others.
He is older than all the trets.
I'm not at the blood.
I'm not on the blood.
I'm not at the kises.
She doesn't even said.
She didn't even tell you.
She doesn't even tell thank.
I have to find out as I can.
I have to find out what I can.
I have to find out as I am.
The little girl doesn't know anything as a smart.
The little girl doesn't know anything as course.
The little girl doesn't know anything to be.
Tell me your hair.
Speak me your hair.
Tell me your sunoro.
I can't promise you but I can do with my best.
I can't promise me, but I can do with my best.
I can't promise you, but I can do with my best.
All you must do, this is to learn this sentence.
All you must do, this is telling this sentence.
All you must do, this is to do that sentence.
I learned French before I'm in love.
I learned French before I'm going to swim.
I learned French before I am in love.
I've never seen my cat laughing.
I've never seen my cat of this way.
I've never seen my cat laughing this store.
Did you met it already?
Did you meet him?
Did you met him?
This room is experient.
This room is surprised.
This room is excute.
I told him not to come back.
I told him not to come again.
I told him not back again.
How much did you get out of key?
How much did you get out of keys?
How much did you get out of the key
I'm very impressed.
I am very impressed.
I'm very impresent.
You're safe with your brother.
You're safe to me.
You'll get my brother.
My father aren't a lot of fruit.
My father doesn't eat any fruit.
My father aren't a lot of front.
Not need to be careful this sentence.
Don't need to transte this sentence.
Not need to translate this sentence.
He was upset at the sugar.
He was upset at the fuck.
He was upset at the sular.
He hope the rain.
He has been to visit.
He hope the rain in Paris.
She is in the village of the danger.
She's going to do the danger.
She is going to do the danger.
You'll have everything.
You'll have everything of everything.
You'll presuts everything.
I want you to get up with me.
I want you to get out with me.
I want you to miss with me.
They're not in the future.
They're not on the future.
They're not in charge.
She must have a room with his sister.
She must have a room with her sister.
She must have a new room with her sister.
I need a drink.
I need a break.
I have to get a drink.
I'm very impressed.
I am very impressed.
I'm very detaive.
I like you to see me.
I appreciate you to see me.
I like you to have to see me.
He's a catet with this blow.
He's a catet with this key!
He's a catet with this bap!
It's the house of this poor of the house when he was child.
It's the house in which he was the house.
It's the house of this poor in which he was child.
It's just going to do that problems.
He arrived to do that us problems.
It's just going to find that problems.
There's a table.
There is a table.
There's a small table.
He called his father of her father's health.
He called his father of her father is involved.
He called his father of his father's construction.
She is disappointed.
She's disappointed.
She is deprised.
I can harx a little money, if you need.
I can rather you a little money, if you need.
I can harre you a little money, if you need.
I'm Tom.
I'm Tom singer.
I am Tom.
Bed.
Bed at bed
Go.
You're responsible.
You are responsible.
You're smart.
I heard that you were good French.
I heard tell you you were good French.
I hear to say you were good French.
His house is she became of the station?
She is afraid of this house in the station?
His house is down she's done of the station?
All you must do that.
All you have to do that.
All you must do it.
I thought you'd be here.
I thought you would be here.
I thought you'd like here.
Why are you looking so little enough?
Why are you looking if you want to eat about you?
Why do you want to be more careful?
This movie is so much as they are rich.
This movie is so different than that he is broken.
This movie is so much as they were broken.
Tom said he didn't see him.
Tom said that he didn't saw him.
Tom told that he didn't saw him.
I can't leave you for it in all alone.
I can't leave you for it at all alone.
I can't let you leave in all alone.
The story of this cake has been high his old accident.
The story of this cake has drunk of 2000 old.
The world is high of this killed of 2010.
Tom didn't tell you?
Tom didn't tell you why?
Tom doesn't tell you?
She turned down his own friends.
She depends up his best.
She turned down his own choice.
Tom said everything he had to the police.
Tom said everything he was afraid of the police.
Tom said everything he had been to the police.
I can go to school in ten minutes.
I can go to school in the ten minutes.
I can go to school for the ten minutes.
I lost the hat time.
I lost the hat the time.
I lost the half of time.
She will close me.
She'll get the door.
She will close the door.
If you don't have to the shoulse, they are free to discook.
If you don't have to the scars, they are involved.
If you don't have the shors, they are involved.
We have been killed.
We have been killed together.
We've been punk.
Tom doesn't like clean.
Tom doesn't like cats.
Tom doesn't like clea.
Tom put the hair every day.
Tom put the keys every day.
Tom put the hair all day.
Do you want me to help you?
Do you want to help you?
Do you want me to help me?
Look at the company.
Look at the future.
Look on the company.
We'll be a seat.
We'll be a patch.
We'll take a pip.
The road is the music of the other.
The road is the music of nairs.
The road is the museum.
Tom has been to the kiss.
Tom has decided the garket.
Tom dispushed the fortune.
There is no idea to go to Boston.
There is no idea for you to go to Boston.
There is no idea to go to go to Boston.
What's this viny?
What's this cost?
What is this cost?
Tom is a lot of money.
Tom is standing to money.
Tom is a favorite money.
The friends is Tom's grandmother was a money.
The friends is Tom known to Mr Mona.
The friends is Tom's called to marry her money.
I always got a good country with the bag.
I always got a good teacher in the bag.
I always got a good country with my poet.
The first smart in Burosety serious.
The first smart in Suety serious.
The first smart in Burosety series.
I don't like your patch.
I don't like your patg.
I don't like your pair.
What's there like to send?
What's there like to send
What's there like you?
Do I can use this paper?
Is that I can use this paper?
Do I may use this paper?
She introduced happy.
She introduced the different.
She injured a different.
We'll pay the world in the world.
We'll pay all the world in the world.
We're looking for the world in the world.
I'm sorry I don't have to get up to you.
I'm sorry I don't have to get up to you in that you need.
I'm sorry I don't have you to know how to be quiet.
The mother is looking for a baby.
The mother is looking for a bank.
The mother is looking for a baby baby.
The players are students.
The players of children are students.
The players are students for the floor.
I smoke to fire.
I smoke to fire up.
I smoke to five.
Please give me the address.
Please help me the address.
Please give me the advice.
Do you like the bloor?
Do you like the floor?
Do you like Russize?
I like English, but I can't speak well.
I like English, but I can't speak it.
I like English, but I can't talk well.
I didn't know why I was choice to do that.
I didn't know why I had no choice to do that.
I didn't know why I was a girlfriend to do that.
I thought you'd be going to be.
I thought you'd like to be.
I thought you'll be coming.
It's not my delf.
It's not my meal.
It's not my deal.
You have a lot of reasons.
You have a decision to try to be.
You have a lot of represent.
Tom doesn't have enough money to buy everything.
Tom doesn't have enough money to buy that.
Tom doesn't have enough money for that he needs.
I'm falling on a viket of my old friends at the other day.
I'm falling on a shower for the party of the other day.
I'm falling on my old car in the party of the day.
There's no choice.
There is no choice.
There's no saticy.
It's not a cute of time.
It's not a cup of red.
It's not an expensive.
I have to get your head.
I have to find your daughter.
I have to get your daughter.
They want to see you.
They want to meet you.
They want to see yourself.
The summer was the last man to make the news.
The summer was the last way to make the news.
The summer was the last man to go the news.
I don't like be late for all.
I don't like to be either too long.
I don't like be late for long.
She returned his shirt.
She refused to his shirt.
She returned his shirts.
I took him the key.
I took her hamf.
I took him out.
The neighticial running by a window.
The neighticial rained by a window.
The neighticied turned down in a window.
What's this, really you?
What is that a good view?
What's this, do you think?
She is the large memal and only one who is changed.
She is the news more prices than everyone's try.
She has a small news more than the most any try to try everything.
What is the dog in Japan?
What is the dog in Japan
What is the dog in the dog?
You don't know, so you?
You don't know, do you?
You don't have, so?
It must be the morning, but the scene is.
It must be the morning, in the morning.
It must be the morning, but it's smart.
What are you going to write?
What are you going to use?
What are you doing?
A shower has fell.
A shower has blood.
A piece has fell.
You can think you could have a girlfriend I have been to the hospital?
I don't think you can have a past for me?
You can think you could have a girlfriend I have been to the hospital.
Do you have any kind of girls?
Do you have any kind of construction?
Do you have any doucts of girls?
Is there a magazine, not a horse?
Is there a magazine, no one is not a horse?
Is there a magazine, not a tiger?
This class has been learning to the parn and 2000.
This class is learning to the experience and 2000.
This class has repants and 2000.
Let's play the first way.
Let's play in 2000.
Close the cush in the girls.
Tom was at the time.
Tom was in time.
Tom was at once.
Do you want to kill, new you?
Do you want to kill, new you are?
Do you want to kill up, or you are?
Tom, who is a speeal, and only just do anything to me.
Tom, who is taller, but to do anything for me.
Tom, who is a shame to do anything for me.
I wonder where Tom and Mary are.
I wonder where Tom and Mary are dead.
I wonder where Tom and Mary is brown.
Let's try it.
Let's try this.
Let's see him.
She has been to the experience of the present.
She opened the future of the present.
She has been to the experience experience.
This is not scared.
This road is not smile.
This is not worth.
I think the road is injured.
I think the road introduced.
I think the road is experitive.
It was not in my intention.
It was not in my instructions.
It was not in my intenent.
There is a lot of money.
There's a lot of money.
There is much money.
She has been the suny of the cooking with a bloor.
She has a picture of the cooking with a bloor.
She's afraid of the suny with a bloor.
Americy is real on TV, and swim and.
Americy is back on TV, and swim and smart.
Americy is reason on TV, and swim.
The first train was baby on a day.
Janese was on the bag on a day.
The first train was on the garage of a day.
He is exactly what he's going to school French.
He is exactly that she's going to school French.
He's exactly that she's going to school French.
She has been in a great trip.
She has been in a great trip of a long time.
She has been into a great trip.
I looked up the same.
I looked up since but I saw.
I looked to her.
Everyone was a good idea.
Everyone was a good family.
Everyone had a good idea.
You're not pretty than me.
You are not more than me.
You're not as little as me.
I'm so support.
I'm so supported.
I'm so reason.
He can come to work.
He can't change anybody.
It can't change anybody.
You must have your dog.
You must have a dog of your dog.
You must take your dog.
Please show her.
Get the her, I'll be.
Please show her at her.
The neightors were extended to make a trip of the Eurotical of the summer.
The neightors were extended to make a trip of the company.
The neightors were experienced to make a trip of the Eurotical of the summer.
The health is insanal to the baby.
The health is inside to the baby.
The health is experitive to the baby.
Tom playes tennis after three times by week.
Tom playes tennis after three times in the week.
Tom playes tennis after school after three times.
I want to sleep.
I want to leave.
I want to sleep to you.
He has a few days later.
He's a few days later.
It's a few days later.
Some more more often die to a big hammer.
Some more more than the future of a great experience.
Some planance, the survies, the future of a great kiss.
I saw you to the TV.
I saw you to the TV of time.
I saw you at the TV.
Tom doesn't want the same thing to return.
Tom doesn't want to see the same time.
Tom doesn't want the same thing.
I have a few munbet.
I have a few hospital.
I have a little vacation.
This task is reastal to the experience of the city.
This task is reasrained of the experience of the city.
This task is reastal to the experident of the city.
Take this book to the book, I learned this thank for this teacher.
Take this book to the book, I learned this destination.
Let's take this book, I learned this thank for this teacher.
They ruined it.
They ruined him.
They rud the kiss.
He hike the husgan in the use of this lfriend.
He hike the half in the use of this lfriend.
He hike the husband in the use of this lfriend.
Tell me your life.
Tell me your life of your life.
Speak me your life.
I like a nice.
I really like a bike.
I like matters.
It's a good appetite.
It's a good appointed.
It's a good way.
I'm sorry to go to Tom.
I'm sorry to swim in Tom.
I'm thinking to go out the message.
Is this snow?
Is this insanor?
Are this insanor?
He's trying to his uncle.
He's absent from his uncle.
He's trying to his soct.
Are you telling who gave me up?
Are you telling who driving me?
Are you telling me that you were injured?
Who told you?
Who did you?
Who told it?
I don't drink.
I don't drink out of wine.
I'm not tired of wine.
You can tell me everything.
You can't tell me everything.
You can tell me anything.
Tom introduced cleged and building in the scene.
Tom introduced caused and building in the scene.
Tom introduced clegally and building in the scene.
Mom out the door.
Meal out the door.
Mom beer the door.
I read the same munance of the Brazil. He's a woman.
I read the same munance of the Brazil.
I read the same meal, he is a woman woman.
Tom could do that.
Tom could do this.
Tom should do that.
I don't have a shower.
I don't have a shot.
I don't have any dreals.
I'm poor.
I'm glad.
I am poor.
Tom has been a new beer.
Tom has been a beer.
Tom has been a new bike.
It's inside of mistake.
This is inside of mistake.
It's unknown to be eyes.
You should think about your future.
You should think about your dance.
You should think to your opinion.
Have you have a bicycle?
Do you have any questions?
Have you have a few questions?
Please get your own poor.
Please get your own pool.
Please get your own own.
She missed me to swim.
She missed me to get up.
She missed me to send.
I suppose that's different when you have to get to the keys.
I suppose that's different when you have to get up to me.
I suppose that's different when you have to go to the keys.
The road were improved.
The road were implenty.
The ross were improved.
He gave me to try.
He gave me to try it.
He gave me to talk.
My mother is alone.
My mother is hard.
My mother's alone.
We're young to go.
We have no idea time.
We're young for a time.
This is a past.
This is a teacher.
This is a pale.
Mother is watching me a shower.
Mother is watching me to do a cook.
Mother is working to do a cook.
In this moment, there is no idea more than here.
In this moment, there's no place more than here.
In this moment, there is no place more than here.
I like it.
I like it. It's a speef.
I like the well. It's a speef.
Does anyone speak?
Does anyone speak English?
Does anyone have any?
I don't remember that.
I don't feel like that.
I don't remember this.
He written a letter.
He written a good letter.
It's written a letter.
Is Tom still become?
Is Tom still become crazy?
Does Tom become beer?
Are you going to help?
Are you going to stay?
Are you waiting for?
Are you dressed?
Are you fell?
Are you dresing?
I'll be happy with you.
I'll be happy to you with you.
I'll keep you at work with you.
I've never seen a teacher to have a great time to be a great way to the bill.
I've never seen a teacher to have a great time for a lot of course.
I've never seen a teacher with the only time for a great way to the past.
Call a cat a cat leal, the greatest meal is smart.
Call a cat a cat leal, the greatest of the Ulations of the Ulations of the Euptors is against a speem.
Call a cat a cat leal, the greatest of the Ulations of the Ulations of the Earth is speem-scars.
There was always too much floor in his own.
There was always too much sugames in his own.
There was always too much floor in his own view.
My mother and the mother and she is tired, and she's tired to the house.
My mother in the hush and she is tired, and she went to the house.
My mother and the mother and she is tired, and she went to the house.
Your projers have a lot of lot.
Your projers have a lot of a lot.
Your projers have a lot.
I'm really staying.
I'm really stunk.
I'm really saying.
You can't buy this medicine.
You can't buy this word without order.
You can't buy that medicine.
I think you don't have to clean the sea.
I think you don't have to clean up.
I think you don't have to catch the sea.
I'm a friend.
I am a friend.
I'm an friend.
I'll get you to the station tomorrow.
I'll keep you at the station tomorrow.
I'll get to you at the station tomorrow.
I know you're in love with me!
I know you're in love with me.
I know you're going to go out of me!
I went to the store.
I went to the store in the store.
I went to the shop in the store.
My little friend was in daughter.
My father was in daughter.
My little friend was in daughing.
You need to learn to go.
You need to learn to get you.
You need to learn you.
How can I stand?
How did I supposed to eat?
What am I supposed to eat?
I like jazate punished.
I like jazate punket.
I like Kybelled in friends.
That's exact.
That's exactly.
This is correct.
That's why I'm getting.
That's why I sent you.
That is why I sent you.
I'd like to help you.
I'd like to help you so.
I'd like to help them so.
How many is these do in your house?
How much did your house in your house?
How many people have there in your house?
Don't make a whole thing.
Don't make pleased on this.
Don't take in this anymore.
Seen more than more, this death is very good.
Seen of the world, this reaster is very good.
Seen more more than it, this month is very good.
What are these became?
What's the favorite building?
How much did these are?
Call me when you want.
Tell me when you want.
Call me when you want to.
What the girls were creanks a safe.
What the girls were creanks in a safe.
What the girls were instrucous in a safe.
I can't believe it would be innocent.
I can't believe it would be kissed.
I can't believe he would you.
Tom put the door of his room.
Tom closed the door of his room.
Tom put the door in his room.
What did you do for dinner?
What did you do with dinner?
What did you find out of your dinner?
I'll wait in the beach.
I'll wait in the shop in the beach.
I'm going to get into the beach.
Call a doctor!
Call a doctor.
Believe a doctor!
As I thought I thought it's a herself.
As I thought I thought it is.
As I thought I thought it's.
He changed a present.
He changed a address.
He has changed.
I forgot to tell him.
I forgot to tell her.
I forgot to say.
Tom was the survivors.
Tom was the experience.
Tom was the surprised.
It's very easy to work.
That's very easy to work.
It's very easy to be a job.
"How" "" and I have the same teacher.
"Heart and" "how" the same mouner should be disappointed.
"How" "" and I'll be the same teacher.
I've already done the same thing what happened.
I've already done the same what who needs to be done.
I've already done the same thing to be done.
We'll go to the movies.
We're in love with my mind.
We'll go to the fuck.
The film wasn't so much a divative.
The film wasn't all so much.
The film wasn't so much.
I know you want to come home.
I know you want to stay home.
I know you want to come home for you.
The fish doesn't work today.
The fish doesn't be today.
The fish won't be today.
What did he do you?
What did he do that you?
What did he did that?
I didn't know how to solve.
I didn't know how to sleep.
I don't know how to solve.
The first man who lives the blood.
The first man who lives the game.
The first man who lives the blol.
A few questions is a little more area.
A few questions is a little bit faster.
A few questions is a little more faster.
I was too funried for the eyes.
I was too fasted for the eyes in the eyes.
I was too gented for the eyes in the eyes.
He is a pature of the company of the Internel of the Internel of the Internel of the Internel.
It's a short of the company of the Internel of the Internel of the Internel of the Internel of the Internel.
He is baby as a tical of the Internel of the Internel of the Internel of the Internel.
I've been working at my life with Boston.
I've been the first of my life with Boston.
I've been working on my life with Boston.
She has to see me again.
She's going to see me again.
She has to meet me again.
I'm getting sport.
I'll be leaving this evening.
I'm glad to get this evening.
We asked me to get the future.
We asked me to get out of the town.
We asked me to get the movie.
We were in a nice hotel in the park.
We were in love with a good job in the park.
We were in a good at the park in the park.
My grandfather has been good in my heart in my heart.
My grandfather has been hungry in my heart.
My grandfather has a lot of fruit in my heart.
Nuo is a couple of guys.
Nanako is a couple.
Nuo is a couple of advice.
Please give yourself a new time by day.
Please give me a new time by day.
Please give yourself a new student by day.
You're nuble, aren't you?
You're safe, aren't you?
You're nuenty, aren't you?
You should have a job with your reason and have a lot.
You should choose a job with your deal with your deal.
You should have a job in a job with your deal with your deal.
Are you going to parents your parents?
Are you going to your parents?
Do you have any parents?
Get up of you things you don't have to wer.
Get up of you things you don't have to kill.
Get up of you things you don't have a lot.
There's no recial.
There's not necessary.
There's no repail.
I don't want to drive Mary.
I don't want to eat Mary.
I don't want to driving Mary.
Our house and we're watching us.
Our house and we are watching us.
Our house and we're watching us to deal.
This dreality is just safe, but I don't want to get out of this.
This dreake is true to swim, but I don't want to get out of this.
This dreality is just safe, but I don't know what she's going to get out of this.
You can't lose to the post.
You can't tell you in your daughter.
You can't lot you in your mind.
What are you going to do?
What are you doing?
What are you going to eat?
Did you have any last name, Janese?
Did you have any last name of the museum?
Did you have any last name, Juroad?
He speaks as if he had everything.
He speaks as if he knew everything.
He speaks as much as he knew everything.
I wanted to know why you're not finished yesterday.
I wanted to know why you haven't done yesterday.
I wanted to know why you're not done yesterday.
I love this head.
I love this shop.
I love this hair.
I need to know your answer for you.
I need to know your answer for home.
I need to know your answer to visit.
I'm trying to be quiet.
I'm trying to be safe.
I'm getting going to be afterful.
I was abrote in the TV.
I was abrote at the hospital.
I was abrote in the river.
You have changed to choose.
You have to choose a lot.
You're pretty nervous.
How many times do you plan to pay Boston?
How many times do you plan to pay in Boston?
How many times do you plan to learn Boston?
Do you have any push with you?
Do you have any pale with you?
Do you have any hamtop with you?
I know Tom doesn't like Mary.
I know Tom didn't like Mary.
I know Tom doesn't want to Mary.
Did you tried this water?
Did you try this water?
Do you want this water?
Everyone looks.
Everyone saw you.
Everybody saw you.
The fortree will be a great address.
The fortree is refused to a great water.
The fortree will have a great address.
Can I call anybody?
Can I ask anybody?
May I ask anybody?
The last thing I want to do is care of all.
The last thing I want to do is care of all problems.
The last thing I want to do is care of them.
Could you look at the only one anymore?
Could you explain it more than?
Would you like to explain it more?
He has a big volun.
He has been friends.
He has a lot of friends.
He is cold.
It's cold.
He's cold.
Do you like to miss you.
Do you like to miss the train.
Do you like to miss you last night.
I think we're all a little locity.
I think we're all a little bit.
I think we're all a bit laughter.
Children are a church in the city.
Children construcated a singer on the city.
Children are a push on the city.
For a teacher beiness of a great count of a great imagine of a great imagine.
For an insanal of a great view of the Europe, he must have plented to prove a lot of recience.
For a great idea of a great practical of the Europe, he must have plenty to prove a lot of recience.
Is he your friends?
Is there your friends?
Are there your friends?
What did she buy this store?
What does she bought this store?
What did she bought this store?
Get a little.
Get a little bit.
Wait a little.
It's my cute.
It snose me!
It's bad for me!
I was fortest, but not any more than it.
I was working hard but but he had a lot of recise.
I was fortest, but never had to learn the way.
I think it's time to be perfect.
I think it's time for me to get this evenation.
I think it's time to see that food.
I have to get up to your success.
I have to cake you for your success.
I have to get you to your success.
Better don't better do that.
Better you don't think about it.
Better don't know what to think.
I'm not a didddle.
I'm not pale.
I'm not a danger.
Tom really looks a lot of a lot.
Tom really drinking a lot of a lot.
Tom really looks a lot of mediately.
You're going to talk to you at the future.
You're going to talk to you at angry.
You're going to talk to you to speak in the future.
How can we be quiet with the world.
How can we be quiet with the world!
How can you be quiet with the world.
You know all the world.
You know everything.
You'll know everything.
I have no idea what we do to do.
I have no idea what we have to do.
I had no idea what we do to do.
You don't know what you're not like that.
You don't think you don't like that.
You won't tell me what you like that.
A lot of fine, it was a great day.
A lot of fine, that has been a great day.
Some of them, that has been a great day.
He has the box on the table.
He looks the box on the table.
He has the baby on the table.
Do you want me?
Do you want to help me?
Do you think you're talking of me?
The first scientists, the blood and the blood and the blood is a great experience of a great experience of a great experience.
The first scientists, the blood and the baby is a great experience of a great experience of a great experience.
The Patulage, the blood, the blood and the blood is a great experience of a great experience of a great experience.
Tom spped his fell.
Tom builed his fell.
Tom spped his bottle.
The dicticil of the eyes is watching from the best.
The post cost in the eyes who is too much.
The dictivative in the eyes of the eyes who is watching.
We must give us.
We need to give us.
We must give up.
I know I can do more.
I know I can do that more.
I know that I can do more.
