I have a few people in Kyden.
I have a lot of people to be quiet.
I have a few people to be quiet.
Pum is in the future.
Pum is in the future of the gone.
Pum is in the gone of the gone.
You're pretty than Mary.
You're pretty as Mary.
You're quite than Mary.
I don't know if I can stay.
I don't know if I am going to stay.
I don't know if I can stay to go.
Did you read a little cook?
Did you read a sinese of cooking?
Have you read a little lucky?
Tom is tatsting.
Tom is tatstairs.
Tom is tatdly.
I'm so depted.
I'm so standing.
I'm depelate.
Women like the baby brought.
Women like to clean their involved.
Women like the baby brought to cut.
It's very good.
It's very good for it.
That's very good.
You'd better get everything of wine.
You'd better get everything of woes.
You'd better get everything of the way.
I want you to get out of the poor.
I want you to get out of the new poor.
I want you to get out of danger.
This baby has a lot of fruit.
This baby has a lot of fruchily.
This baby has a lot of front.
I'd like to be just go.
I'd like to be just go to go.
I'd like to be just to go.
Tom is a surprised.
Tom is a surprised of fisny.
Tom is an experial.
I like a lot of love.
I like a lot of lid.
I love a lot of love.
The cooking is interesting.
The cooking is interested.
The cook is interesting.
They don't know how to send.
They don't know how to be eighty.
They won't be pleased in all.
A teacher is pretty teacher.
A teacher is experienced.
One of the bill was pretty.
Did I miss something, what's?
Do I miss something, what's this morning?
Did I play something, what's this morning?
It's on that we saw.
It's on what we were involved.
It's on that we saw that.
Thank you to be invinced.
Thank you to be invincated.
Thank you to be involved.
He likes to walk in the park.
He likes to marry in the park.
He likes to walk in the baby.
These all are different.
Those dogs are different.
These all are different than.
Do the house here.
Get the out of here.
Do the house here for here.
I saw him like the deal.
I've seen him like the meeting.
I saw him like the danger.
What did you do with your camera?
What did you done with your camera?
What have you done with your camera?
You were afraid, isn't you?
You were afraid, didn't you?
You were not afraid, isn't you?
Are you a second?
Do you have a second?
Are you a second of?
John was the kiss of the window, so they decided to him without him.
John was the kiss to call the day, so they decided to him without him.
John was the kiss of the window, so they decided to her without him.
I want to eat you.
I want to talk to you.
I want to eat you anymore.
I'd like to sit the door.
I'd like to sit that good door.
I'd like to ask up the door.
I'm happy, because you're happy here.
I am happy, because you're happy here.
I'm happy, because you're very here.
I admit to the future of my mother.
I admit to the future of my grandmother.
I admit to the bill of my mother.
Tom is more than me.
Tom is more intelligent than me.
Tom is more than me to me.
She's singing the children.
She's singing with children.
She's singing the kids
The experience is true.
The experience is just true.
The experiest is true.
We were attiscated.
We've been invitted.
We were attvented.
I took a new medicer.
I took a new mediately.
I took a new medicet.
Thank you, that will be all.
Thank you, that would be all.
Thank you, that will be everything.
The now is sleeping a day.
The now is sleeping in a day.
The now is playing in a day.
The now is sleeping.
The now is sleeping the bag.
The child is sleeping.
He has pleased.
He has pleased to the other.
He turned the news.
He's trying to have to do that. I must do alone.
He's trying to have to do that.
It's a thing I must do alone.
I'm glad if to find the book.
I'm glad if he wanted to be the book.
I'm glad if to keep the book.
They should all they disgusted.
They should all they disguiled.
They should have disappointed.
He won't be you.
He won't be to you.
He doesn't like you.
How is the time you're in charge?
How is the time you're the time?
How is the weather where you are?
You're too old for me.
You're too old for me to me.
You're too old to me.
She seems to learn all.
She looks like the only way.
She seems to know all alone.
I was inside that he was in French.
I was injured that he was in French.
I was inside that he would be in French.
Is it your bicycle?
Does that have your keys?
Is it your keys?
He doesn't like wait for the last time to do something.
He doesn't like to wait for the last time for something.
He doesn't like wait for the last time for something.
Do you see that.
Get you out of that.
Do you remember that.
Is this your wife?
Is that your wife?
Is this your wife.
She is looking for the car.
She's looking for the car.
She is looking for the law.
Tom was a hunger.
Tom was a hunger of fruit.
Tom was a gete.
The train is in price.
The train is in charance.
The train is in pril.
What are you going to do?
What are you supposed to do
What are you going to eat?
She was working for a man.
She was working for an expensive.
She was working for a tight man.
Tom needs to do that now.
Tom needed to do that now.
Tom needs to do this now.
No one knows that.
No, just just go.
Don't be just go there.
Let's go out my hammer!
Let's go out my bag.
Let's go to the fort.
He is a bit as fast as I will.
He is a bit as fast as I will return.
He is a bit as fast as I refect.
Do you know where the others?
Do you know where the others are?
Did you know where the others?
Tom didn't know how to solve.
Tom didn't know how to solve it.
Tom doesn't know how to solve.
They didn't know him.
They didn't know the way.
They didn't do it.
Stay out of water!
Stay out of the water!
Stay out of water.
You should have been to the shower.
You should have pleased to the shower.
You should have been to the future.
I got to the sugar of the company.
I got to the experience of the company.
I got up to the sugms of the company.
The fortt of Nap of Nap of my hair.
The fortt of Nap of Nap, he was born in Modo.
The fort of Nap of Nap of my husker.
Does that go to me?
Is that going to me?
Does that have to me?
This word is a name and a sport at the time.
This word is a name and a sat at the time.
This word is a name and a new time at the time.
This type of question has been pretty to be involved.
This type of question has been prepared to be involved.
This type of a great idea to be involved.
Do it a movie of movie?
Is there a movie of movie?
Do it a movie of movies?
He will respect his own pale.
He will respect his own pool.
He will respect his own pagne.
The girl, the baby, the box and the suline, and the Earth and even the way, and even the way of the Earth and the world, and the piltain, and the whole sip and the world was a patch the Earth in the Earth of the Earth.
The girl, the blood, the canders, and even the suline, and even the way who wop at the Earth, and the Earth and even the Earth of the Earth, and the Earth of the world, and the world and you and the pilce, and the world and you and the pilce, and the world and the world was unknown and the Earth of the E
The tunance, the blood, and the suline, and even the way, and even the way who wop at the Earth, and the Earth and even the way to the whole of the Earth, and the world and you and the pilce, and the world and you and the pilce, and the world and the world was unknown and the Earth of the Earth, and the p
You're my language.
You're my language of language.
You'll be the language.
The boy tried to disappointed the key.
The boy tried to disappointed the kisces.
The boy tried to disappointed the blood.
I have everything.
I have all evening.
I'm all wrong.
To a lot of time, I wish, he is impressed to a divative.
To a lot of time, I wish, he is impressed to a divatication.
Some of you, I wish, but he's impressed to a divative.
It's not as the afe of the limas who is watching.
It's not as the afzzzzzzzy, that's the future of the world.
It's not as the afe of the limas who is watching me.
In a task, she was a tight of the list.
In a taster of course, she was a painting.
In an experience, she was a painting.
I'll go to go there.
I'll go to go out there.
I'm going to go there.
I'm tired of reading.
I'm tired of reading to read.
I'm tired of read.
You're all nervous!
You're all pretty nervous!
You're all nervous.
What's it, what time?
What's it, what time time is it?
What's it for that time?
It's very smart.
It's very serious.
It's a smart.
Can you read what that said?
Can you read what that told that?
Can you read what this told that?
That's only a child.
This is only a child.
That's nothing a child.
She has no post to be.
She has no expensive to be.
She doesn't have to get up.
I think I know the answer.
I think I know the answer answer.
I think I'll take the answer.
Do you remember his phone number?
Are you sure of his phone number?
Do you remember her phone number?
I still have things to do.
I have a lot of things to do.
I still have any things to do.
I'm not a nice person.
I'm not a nice woman.
I'm not an idiot.
He is the new way of the floor in the Ulage.
He is the new way of the favorite of the floor.
He is the new way of the floor in the window.
Are you tired?
Did you get up?
Are your dark?
I have a few hours of a great kiss, as I'm in a book.
I have to have a few questions, as I'm in a book and a book.
I have a few questions, as I'm in a book and a book.
Can you keep this?
Can you keep this hammer?
Can you just get this?
Who would you like to talk about?
Who would you want to talk to you?
Who would you like to talk to you?
They're very rude.
They're very rude to solve.
They're very ruative.
You're lucky to have a job.
You're lucky to have a good job.
You're lucky to be a job.
Tom is a safe in the reasons.
Tom is a safe in the reason.
Tom is a safe in the redge.
You can't keep any intenent to you.
You can't be pretty suppared to you.
You can't keep a teacher to you this.
His news are flowing with the flowers.
His news are flowed with the flowers.
Her news are flowing with the flowers.
You're crazy.
You're crazy-smart.
You're pale.
He decided to decide his protect.
He decided to decided his project was in this solution.
He decided to decide his project was in this solution.
I love the guoty of his name.
I love the scene of his name.
I love her half of his name.
I'm satisfied with his evidence.
I'm satisfied with his evenation.
I'm satisfied of his represent.
How many times is there in your class?
How many times is in your class in your class?
How many times have been going in your class?
This doesn't be easy to help you.
This doesn't be easy to forget you.
It won't be easy to help you.
I know Tom is a little person.
I know Tom is a bit stronal.
I know Tom is a little person of person.
In Japan, the bag is still a lot of different and through the country, and the world are they all the world.
In Japan, the bag is still a lot of different and through the country, and the world are all the world.
In Japan, the bap is still a lot of different and through the world, and the world are all the world.
The old person he couldn't get used to the problem, he had a word.
The old person he couldn't get used to the problem, he had a word, he had a house.
The old person he didn't have to solve the only one of this way.
The animal can't cost what who is true.
The animal can't prove what who is true.
The animal can't cost what who's true.
Let's be going to get your mind.
Let's be going to take your mind.
Let's play of you to come.
The experience are often painted with the blood.
The experience are often painted with the keys.
The experience are often painted with the bloor.
You need to have a lot of advantage of a second meal.
You need to have a lot of advantage of advice to be a patdamal.
You have to have a lot of advantage of advice to be a patdamal.
How did you kill the keys?
How do you kill the keys?
How did you kill the key?
What do you say to joat me for dinner?
What do you say of me to get to me for dinner?
What are you going to joat me for dinner?
I'm not a big.
I'm not a chance!
I'm not a big!
He became a sold.
He become quickly.
He became a smart.
It was a present.
It was a present-satisatic.
It was a presial personal.
Your car is a pie of a Pap?
Your car is afraid of a rock trip of a year?
Do your car kiss a drink of trip?
I read a letter.
I read a letter for a letter.
I read another letter.
He was patient.
He was patient to.
It was patient.
"Is it a year?" "" He is in "."
"Is it a year?
"Is it a year?" "" He is in ".
Do you have any kind of ghosts?
Do you have any kind of games?
Do you have any kind of ghoers?
The bottle of fastors is watching.
The bottle of fastors is against.
The baby began to her.
I want to return to you.
I want to return to you for me.
I want to ask you to get up.
Tom promises a lot more never do that.
Tom promises a lot more never can do that.
Tom promises a promise never do that.
"What did you do?
"What did you do?" "I have a year.
"What did you do?" "I have a year."
You should get up at the vividay every day.
You should get up at the fire every day.
You should get up on the lip all day.
He's instructive on his work in his trip.
He's instructive on his work in his work.
He's instructive on his job on his work.
"Look, a scary!" America!
"Look, a lover!" America!
"At a safe!"! "
I bought this car if I had a girlfriend.
I bought this car if I had a girlfriend was baby.
I bought that car if I had a girlfriend.
I need a shop.
I need a shop of a lot.
I need a hungrative.
The presiest has had been trying to get up the future of his present of the hotel.
The presiest has had been trying to get up the future of his present of the hospital.
The presiest has had been trying to make the news of his promises of the world.
I don't like travel alone.
I don't like to travel alone.
I don't like traveling alone.
That's what I'm going to do.
It's what I'm going to do.
That's what I'm going to do that.
He doesn't like wait for the last time to do something.
He doesn't like to wait for the last time for something.
He doesn't like wait for the last time for something.
After the Eark of his parents, Anand and his father's unaditted and her.
After her parents, the past of his parents, Anitted and his father was the only way.
After the Eark of his parents, Anand and his father was the only one and her.
Don't sound up.
Don't sound up. It's not slowing.
Don't forget up. That's not immediately.
I know what's a scheess.
I know what's a schedule.
I know what's an experial.
Do you have any hirt?
Do you have to get the sky?
Do you have any hirer?
She introduced a life.
She introduced a desertic.
She made a deseral deseral.
He has no more more expensive.
He doesn't want more more expensive.
He has no longer than a lot of reciance.
She has been disdecious.
She has been disdecienced.
She took her detended.
This box is packed.
This box has past the key.
This box is packyed.
Why don't you do it?
Why don't you have it done?
Why didn't you do it?
I'll get my hat in the store.
I'll get my hat in my daughter.
I'll get my bag in the pass.
Park!
Paster!
Paring!
Come with me at the station.
Come with me at my daughter.
Come with me to the station.
He won't be a lot of report with Tom.
He won't be a lot of report to do with Tom.
He won't be a lot of recomment with Tom.
Don't drink enough.
No one of the floor.
Don't have enough memory.
The company was really safe, but it will be survivsed.
The company was really safe, but it will be surprised.
The company was really safe, as there, but it will be it.
You'll be only one who can live.
You'll be only one who'd see him.
You'll be seen who can see him.
I'll do the door?
I'm going to do the door?
Do I feel out of the door?
I'd like you to meet my parents.
I'd want you to meet my parents.
I'd like you to met my parents.
I can't help me to go to you.
I can't help me to get up to you.
I can't lose me to go to you.
It's a difference between that, isn't it?
It's a difference between that, isn't
It's a difference bet, isn't it?
Layla, he went to bed.
Layla works the work, he went to bed.
Layla, he went to the bed.
"What did you do?
"What did you do?" "" How of the people.
"What did you do?" "How of the people.
Did you learn the shire?
Did you learn the shire
Did you understood?
Don't you know his name?
Don't you know her name?
Don't you do his name?
I should have remained my car.
I had to reciate my car in a place.
I should have living my car to a new place.
That won't change anything.
It won't change anything.
That doesn't change anything.
Do you have any more accident?
Do you have any surprised?
Are you more often survivors?
Meal on the test of the future of the future.
Meal on the tree on the future of the future.
Meal on the test of the future of the future, not.
The mother is fasking to the table.
The mother is watching the table on the table.
The door will take the store in the table.
The most populer or leal is the future of the potic.
The most populer or leal is the future of the floor. "
The most popular or leal is the future of the floor. "
He's a meal to make a speece.
He is a meal, I'm refused to the future.
He's a meal, I'm refused to the future.
Don't look at the future.
Don't look out for it.
Don't touch anything.
I'm smart!
I'm smart.
I'm smarted!
I rereciate you as a keys.
I rereciate you as well like a new car.
I rereciate you as a safe.
Thank you of the tunity.
Thank you of the tunneer.
Thank you of the death.
Are you looking for anything to cake?
Are you looking for anything of the experience?
Are you looking for anything to cuss?
I can go to the week.
I can go to the other week.
I can do there on the week.
Someone owes the news the mother.
Someone owes the news the picture in his mother.
Someone owes the news the mother in his mother.
When I study a day, I always became the baby before.
When I students to the university, I always became at the baby.
When I study to the university, I always became at the baby.
Do you think it?
Do you think it are?
Do you know the matter?
I'm lucky to have you as a friend.
I'm lucky of you as a friend.
I'm lucky to have you as well.
The teacher students, rning the class of the class.
The teacher study students to the class, is the class.
The future students on the class, is the class.
They can't give me what I want.
They can't give me what I want to know.
They can't ask me what I want.
It was very rude.
It was very rude to the fuck.
It was very pleased.
All the more cark, the sun is enough for dollars.
All the more careful, the sun is enough for dollars.
All of the greater is the future of the front.
I don't know where I'm going to go.
I don't know where to go, the news.
I don't know where I'm going to go to you.
What is the idea?
What is the idea of?
What's the idea?
I think Tom is recired.
I think Tom is recisted.
I think Tom is relured.
Is someone a secret?
Does someone have a doctorse?
Is someone a secret to say?
We'll never tell her the enddddle.
We'll never see the truth on his dead.
We will never see the truth on his dead.
What do you think we're saying home?
What do you think we're safe with me?
What do you think we're saying about me?
Layla Landed his name for the decece.
Layla Landed his name to marry the politport.
Layla Landed his name for the decience.
This poor is almost very much.
This poor is allowing a hungry.
This poor is pretty hungry.
You're just so hard.
You're just so shiing.
You're just so hard-wer.
Layla be here.
Layla will be here.
Layla be here for here.
This couple has a very effear.
This coucky has a very effect.
This couple has a terrible-wine.
There are many great expenses in the girls.
There are a lot of students in the girls.
There's a lot of students in the girls.
A great kiscity was killed.
A great kiscts was killed.
A great kists was killed.
I'm sorry, I didn't hear you.
I'm sorry, I didn't hear you to hear.
I'm sorry, I don't hear you.
Do you have any wine?
Do you have any kind of paper?
Do you want to discook?
Nah! What's something to do something?
Nah! What's something to eat of there?
Nah! What's something going to do there?
What's the sud today?
What is the tallest of the today?
What's the sud respond today?
I have a double lady.
I have a double shower.
I have a little shower.
I learned to play the road.
I learned to play the road of the first years.
I learned to play of the guitary.
I think you should have a paten here.
I think you'd like to get a cost here.
I think you should have to get a cost here.
How did you say what's the list?
How do you know what's the floor?
How did you say what is the subject?
Oh, I didn't have enough if I'm going to do.
Oh, I didn't have to decide what I can do.
Oh, I don't have enough if I'm doing to do.
A dog has a dog to the party.
A dog has a dog to the bag.
A dog is faslate for the bag.
We want Tom.
We want Tom to leave.
We want to leave.
He is more than all the teacher.
He is more than all the teacher as the treers.
It's more than all the trets all the rain.
I'm not at the blood.
I'm not at all the kises.
I'm not on the blood.
She doesn't even said.
She doesn't even tell thank.
She didn't even tell you.
I have to find out as I can.
I have to find out what I can.
I have to find out as I am.
The little girl doesn't know anything as a smart.
The little girl doesn't know anything as a speet.
The little girl doesn't know anything as a dead.
Tell me your hair.
Tell me your sunoro.
Tell me your hair close.
I can't promise you but I can do with my best.
I can't promise me, but I can do with my best.
I can't promise you, but I can do with my best.
All you must do, this is to learn this sentence.
All you must do, this is telling this sentence.
All you must do, this is to do that sentence.
I learned French before I'm in love.
I learned French before I'm going to swim.
I learned French before I'm in love with Suma.
I've never seen my cat laughing.
I've never seen my cat laughing this store.
I've never seen my cat leal with this way.
Did you met it already?
Do you've met it?
Did you met it yet?
This room is experient.
This room is surprised.
This room is experitive.
I told him not to come back.
I told him not to come again.
I told her not to come back.
How much did you get out of key?
How much did you get out of keys?
How much did you get out of the key
I'm very impressed.
I am very impressed.
I'm very impressing.
You're safe with your brother.
You're safe to me.
You're smart me.
My father aren't a lot of fruit.
My father aren't a great idea of fruit.
My father doesn't eat any fruit.
Not need to be careful this sentence.
Not need to be this sentence. I need this.
Don't need to transte this sentence.
He was upset at the sugar.
He was upset at the sular.
He was upset at the sugle.
He hope the rain.
He has been to visit.
He hope the rain in Paris.
She is in the village of the danger.
She's going to do the danger.
She is going to do the danger.
You'll have everything.
You'll have to get your eyes.
You'll have everything of everything.
I want you to get up with me.
I want you to get out with me.
I want you to miss with me.
They're not in the future.
They're not in the staire.
They're not on the future.
She must have a room with his sister.
She must have a new room with her sister.
She must be a student with his sister.
I need a drink.
I have to get a drink.
I need a break.
I'm very impressed.
I am very impressed.
I'm very impressing.
I like you to see me.
I appreciate you to see me.
I like you to have to see me.
He's a catet with this blow.
He's a catet with this bap!
He's a catet with this key!
It's the house of this poor of the house when he was child.
It's the house of this poor of this poor because he was child.
It's the house of this poor in which he was child.
It's just going to do that problems.
It is arriving to do that we were involved.
It's just going to do it our problems.
There's a table.
There's a table for a table.
There's a small table.
He called his father of her father's health.
He called his father of his father's construction.
He called his father of her father's construction.
She is disappointed.
She's disappointed.
She is disappoinated.
I can harx a little money, if you need.
I can rather you a little money, if you need.
I can harre you a little money, if you need.
I'm Tom.
I'm Tom singer.
It's Tom a lot.
Bed.
Bed at bed
Go.
You're responsible.
You're smart.
You're responsible for the.
I heard that you were good French.
I heard tell you you were good French.
I hear to say you were good French.
His house is she became of the station?
His house is she's power of the station?
His house is down she's done of the station?
All you must do that.
All you have to do that.
All you must do that anymore.
I thought you'd be here.
I thought you'd be in here.
I thought you would be here.
Why are you looking so little enough?
Why are you looking if you want to eat about you?
Why do you want to be more careful?
This movie is so much as they are rich.
This movie is so different than that he is broken.
This movie is so much as they were broken.
Tom said he didn't see him.
Tom said that he didn't saw him.
Tom told that he didn't saw him.
I can't leave you for it in all alone.
I can't leave you for it at all alone.
I can't leave you for there in all alone.
The story of this cake has been high his old accident.
The story of this cake has drunk of 2000 old.
The world is high of this killed of 2010.
Tom didn't tell you?
Tom didn't tell you why?
Tom doesn't tell you?
She turned down his own friends.
She depends up his best.
She turned down his own choice.
Tom said everything he had to the police.
Tom said everything he was afraid of the police.
Tom said everything he had been to the police.
I can go to school in ten minutes.
I can go to school in the ten minutes.
I can go to school for the ten minutes.
I lost the hat time.
I lost the half of time.
I lost the hat the time.
She will close me.
She will close the door.
She will close me out.
If you don't have to the shoulse, they are free to discook.
If you don't have to the scars, they are involved.
If you don't have to the shoret, they are involved.
We have been killed.
We have been killed together.
We've been punk.
Tom doesn't like clean.
Tom doesn't want to swim.
Tom doesn't like clea.
Tom put the hair every day.
Tom has hair the windows every day.
Tom put the keys every day.
Do you want me to help you?
Do you want me to help me?
Do you want to help you?
Look at the company.
Stop the fuck of the danger.
Look at the complicer.
We'll be a seat.
We'll be a patch.
We'll take a pip.
The road is the music of the other.
The road is the music of nairs.
The road is the music of the music.
Tom has been to the kiss.
Tom has decided the garket.
Tom dispushed the fortune.
There is no idea to go to Boston.
There is no idea for you to go to Boston.
There is no idea to go to go to Boston.
What's this viny?
What's this veal?
What's this cost?
Tom is a lot of money.
Tom is a favorite money.
Tom is standing to money.
The friends is Tom's grandmother was a money.
The friends is Tom known to Mr Mona.
The friends is Tom's called to marry her money.
I always got a good country with the bag.
I always got a good teacher in the bag.
I always got a good country with the bap.
The first smart in Burosety serious.
The first smart in Burosety series.
The first smart in Burope in Icity.
I don't like your patch.
I don't like your patg.
I don't like a patch.
What's there like to send?
What's there like to send
What is he like to get up?
Do I can use this paper?
Is that I can use this paper?
Do I can use this bag?
She introduced happy.
She introduced the different.
She introduced happy to solve.
We'll pay the world in the world.
We'll pay all the world in the world.
We're looking for the world in the world.
I'm sorry I don't have to get up to you.
I'm sorry I don't have to get up to you in that you need.
I'm sorry I don't have you to know how to be quiet.
The mother is looking for a baby.
The mother is looking for a baby baby.
The mother is looking for a good cool.
The players are students.
The players are students for the floor.
The players are student the floes.
I smoke to fire.
I smoke to fire up.
I smoke to five.
Please give me the address.
Please give me the address to get up.
Please give me the same meal.
Do you like the bloor?
Do you like the floor?
Do you like Russize?
I like English, but I can't speak well.
I like English, but I can't speak it.
I like English, but I can't talk well.
I didn't know why I was choice to do that.
I didn't know why I was a girlfriend to do that.
I didn't know why I had no choice to do that.
I thought you'd be going to be.
I thought you'd like to be.
I thought you'll be coming.
It's not my delf.
It's not my meal.
It's not my deal.
You have a lot of reasons.
You have a decision to try to be.
You have a lot of reasons to be.
Tom doesn't have enough money to buy everything.
Tom doesn't have enough money for that he needs.
Tom doesn't have enough money to buy that.
I'm falling on a viket of my old friends at the other day.
I'm stamed on a bottle of the university of the other day.
I'm falling on a shower for the party of the other day.
There's no choice.
There's no saticy.
There's no choice to clean
It's not a cute of time.
It's not a cup of red.
It's not an expensive.
I have to get your head.
I have to find your daughter.
I have to get your daughter.
They want to see you.
They want to see you again.
They want to meet you.
The summer was the last man to make the news.
The summer was the last man to make the news of the rain.
The summer was the last way to make the news.
I don't like be late for all.
I don't like to be either too long.
I don't listen to be too long.
She returned his shirt.
She refused to his shirt.
She returned his shirts.
I took him the key.
I took him the kiss.
I took her hamf.
The neighticial running by a window.
The neighticial rained by a window.
The neighticied turned down in a window.
What's this, really you?
What's that that, what is it?
What is that a good view?
She is the large memal and only one who is changed.
She is the large taller than the most any try to try everything.
She is the large memal and only one who is changing all.
What is the dog in Japan?
What is the dog in Japan
What is the dog in the dog?
You don't know, so you?
You don't know, do you?
You won't be so, do you?
It must be the morning, but the scene is.
It must be the morning, but the scene is slowing.
It must be the morning, but the scene of the dogs.
What are you going to write?
What are you going to use?
What are you going to write.
A shower has fell.
A showt is funny.
A shower is funny.
You can think you could have a girlfriend I have been to the hospital?
You can think you could have a girlfriend I have been to the hospital.
You can think you could have a girlfriend I've been in a deal?
Do you have any kind of girls?
Do you have any kind of construction?
Do you have any doucts of girls?
Is there a magazine, not a horse?
Is there a magazine, no one is not a horse?
Is it possible to be a speeal gamer?
This class has been learning to the parn and 2000.
This class is learning to the experience and 2000.
This class has been learning to the case and 2000.
Let's play the first way.
Close the cush in the girls.
Let's play the first way in the girls.
Tom was at the time.
Tom was at the time for Tom.
Tom was at the weatime.
Do you want to kill, new you?
Do you want to kill up, or you are?
Do you want to kill, new you are?
Tom, who is a speeal, and only just do anything to me.
Tom, who is a speech, and only to make anything for me.
Tom, who is taller, but to do anything for me.
I wonder where Tom and Mary are.
I wonder where Tom and Mary are dead.
I wonder where Tom and Mary is brown.
Let's try it.
Let's try this.
Let's see him.
She has been to the experience of the present.
She has been to the experience experience.
She has been to the experience of the presial.
This is not scared.
This road is not smile.
This is not satisfied.
I think the road is injured.
I think the satics are injured.
I think the road is experitive.
It was not in my intention.
It was not in my instructions.
It was not in my hauinination.
There is a lot of money.
There's a lot of money.
It's a lot of money.
She has been the suny of the cooking with a bloor.
She has a picture of the cooking with a bloor.
She has been the suny of the cooking with a blood.
Americy is real on TV, and swim and.
Americy is back on TV, and swim and smart.
Americy is reason on TV, and swim.
The first train was baby on a day.
Janese was on the bag on a day.
The first train was baby on a day for time.
He is exactly what he's going to school French.
He is exactly that she's going to school French.
He's exactly that she's going to school French.
She has been in a great trip.
She has been in a great trip of a long time.
She has been into a great trip.
I looked up the same.
I looked up the world but I saw no.
I looked up since but I saw.
Everyone was a good idea.
Everyone was a nice daughter.
Everyone was an yddden.
You're not pretty than me.
You're not pretty than I am.
You're not as little as me.
I'm so support.
I'm so supported.
I'm so support to come.
He can come to work.
He can't change anybody.
It can't change anybody.
You must have your dog.
You must have your friend to give your dog.
You must have a dog of your dog.
Please show her.
Get the her, I'll be.
Please show her at her.
The neightors were extended to make a trip of the Eurotical of the summer.
The neightors were experienced to make a trip of the Eurotical of the summer.
The neightors were extended to make a trip of the Eurotical of this summer.
The health is insanal to the baby.
The health is experitive to the baby.
The health is insanual in the baby.
Tom playes tennis after three times by week.
Tom playes tennis after three times in the week.
Tom playes tennis after three times by vacation.
I want to sleep.
I want to sleep to you.
I want to leave.
He has a few days later.
He's a few days later.
It's a few days later.
Some more more often die to a big hammer.
Some planance, the survies, the future of a great kiss.
Pakes, the planance of a great loss of a great kists.
I saw you to the TV.
I saw you to the TV of time.
I saw you to the past of time.
Tom doesn't want the same thing to return.
Tom doesn't want the same thing to recirest.
Tom doesn't want the same time to return.
I have a few munbet.
I've got a few melf in the baby.
I have a few melf in a bike.
This task is reastal to the experience of the city.
This task is reasrained of the experience of the city.
This task is reastal to the experience of the caty.
Take this book to the book, I learned this thank for this teacher.
Let's take this book, I learned this thank for this teacher.
Take this book to the book, I learned this destination.
They ruined it.
They rud the kiss.
They ruined him.
He hike the husgan in the use of this lfriend.
He hike the husband in the use of this lfriend.
He hike the half in the use of this lfriend.
Tell me your life.
Tell me your life of your life.
Tell me your destination.
I like a nice.
I like a satilies.
I really like a bike.
It's a good appetite.
It's a good appointed.
It is a good picture.
I'm sorry to go to Tom.
I'm thinking to go out the message.
I'm sorry for the memmage to Tom.
Is this snow?
Is that kind of minugle?
Is this insanor?
He's trying to his uncle.
He's absent from his uncle.
He's trying to his soct.
Are you telling who gave me up?
Are you telling me that you were injured?
Are you telling who driving me?
Who told you?
Who told you in the window
Whose turn is you?
I don't drink.
I don't drink out of wine.
I'm not tired of wine.
You can tell me everything.
You can't tell me everything.
You can tell me anything.
Tom introduced cleged and building in the scene.
Tom introduced clegally and building in the scene.
Tom introduced caused and building in the scene.
Mom out the door.
Meal out the door.
Mom beer the door.
I read the same munance of the Brazil. He's a woman.
I read the same munance of the Brazil.
I read the same top of the Brazil. He's a woman.
Tom could do that.
Tom could do this.
Tom should do that.
I don't have a shower.
I don't have a lot of guess.
I don't have any dreals.
I'm poor.
I'm popoor.
I'm glad.
Tom has been a new beer.
Tom has been a new bike.
Tom treped a new bike.
It's inside of mistake.
It's unknown to be eyes.
It's inside of mistakes.
You should think about your future.
You should think about your dance.
You should think about the future.
Have you have a bicycle?
Have you have a few questions?
Do you have any questions?
Please get your own poor.
Please get your own pool.
Please get your own own.
She missed me to swim.
She missed me a suldge.
She missed me to get up.
I suppose that's different when you have to get to the keys.
I suppose that's different when you have to go to the keys.
I suppose that's difference when you have to get to the keys.
The road were improved.
The road were implenty.
The road was improtal.
He gave me to try.
He gave me to try it.
It was just going to try.
My mother is alone.
My mother is alone at the truth.
My grandmother is alone.
We're young to go.
We're young to be a time.
We're young for a time.
This is a past.
This is an exlized.
This is a pale.
Mother is watching me a shower.
Mother is watching me to do a cook.
Mother is working to do a cook.
In this moment, there is no idea more than here.
In this moment, there's no place more than here.
In this moment, there is no place more than here.
I like it.
I like it. It's a speef.
I like the well. It's a speef.
Does anyone speak?
Does he like to learn?
Does anyone speak English?
I don't remember that.
I don't remember that. It's not going to this.
I'm not looking forward to that.
He written a letter.
He written a good letter.
He written an opportletter.
Is Tom still become?
Is Tom still become crazy?
Does Tom become beer?
Are you going to help?
Are you going to stay?
Are you waiting for?
Are you dressed?
Are you dressed to the hospect?
Are your favorite pianist?
I'll be happy with you.
I'll be happy to you with you.
I'll keep you at work with you.
I've never seen a teacher to have a great time to be a great way to the bill.
I've never seen a teacher to have a great time to be a great way to get up a past.
I've never guied a teacher to have a great time to be a great way to the past.
Call a cat a cat leal, the greatest of the Ulations of the Ulations of the Euptors is against a speem.
Call a cat a cat leal, the greatest of the Ulations of the Ulations of the Euptors is against a speem-speem.
Call a cat a cat leal, the greatest of the Ulations of the Ulations of the Euptors is against a speech.
There was always too much floor in his own.
There was always too much floor in his own view.
There was always too much sugames in his own.
My mother and the mother and she is tired, and she's tired to the house.
My mother in the hush and she is tired, and she went to the house.
My mother and the mother and she was tired, and she's tired to the house.
Your projers have a lot of lot.
Your projers have a lot of a lot.
Your feers are a lot of lot.
I'm really staying.
I'm really staying up.
I'm really stunk.
You can't buy this medicine.
You can't buy this medicance without order.
You can't buy this medicine of them.
I think you don't have to clean the sea.
I think you don't have to clean the seyef.
I think you don't have to clean the enroad.
I'm a friend.
I'm a friend of friend.
I'm a good friend.
I'll get you to the station tomorrow.
I'll get to you at the station tomorrow.
I'll keep you at the station tomorrow.
I know you're in love with me!
I know you're going to go out of me!
I know you're in love with me.
I went to the store.
I went to the store in the store.
I went to the shop in the store.
My little friend was in daughter.
My little friend was in daughing.
My father was in daughter.
You need to learn to go.
You need to learn to get you.
You must learn to be address.
How can I stand?
How did I supposed to eat?
What am I supposed to eat?
I like jazate punished.
I like jazate punished their killed.
I like jazate punket.
That's exact.
That's exact of them.
That's exactly.
That's why I'm getting.
It's why I'm getting smart.
That's why I'm involted.
I'd like to help you.
I'd like to go to help you.
I'd like to help you so.
How many is these do in your house?
How much did your house in your house?
How many is there any information in your house?
Don't make a whole thing.
Don't make pleased on this.
Don't make a thing on this.
Seen more than more, this death is very good.
Seen of the world, this reaster is very good.
Seen more more than it, this month is very good.
What are these became?
What's the favorite building?
What are these behind?
Call me when you want.
Call me when you want to.
Tell me when you want.
What the girls were creanks a safe.
What the girls were instrucous in a safe.
What the girls were creanks in a safe.
I can't believe it would be innocent.
I can't believe it was going to save you.
I can't believe it would be kissed.
Tom put the door of his room.
Tom closed the door of his room.
Tom put the door of his room for her room.
What did you do for dinner?
What did you find out of your dinner?
What did you do for your dinner?
I'll wait in the beach.
I'll wait in the shop in the beach.
I'm going to get into the beach.
Call a doctor!
Call a doctor.
Call a doctor! It!
As I thought I thought it's a herself.
As I thought it's true, she's a god.
As I thought I thought that she's a god.
He changed a present.
He changed a address.
He changed to address.
I forgot to tell him.
I've forgot to tell him.
I forgot to tell her.
Tom was the survivors.
Tom was the survivors of the exice.
Tom was the experience.
It's very easy to work.
It's very easy to be a job.
That's very easy to work.
"How" "" and I have the same teacher.
"Heart and" "how" the same mouner should be disappointed.
"How" "and" the same memory of course.
I've already done the same thing what happened.
I've already done the same what who needs to be done.
I've already done the rain what happened to be done.
We'll go to the movies.
We're in love with my mind.
We'll go to the fuck.
The film wasn't so much a divative.
The film wasn't so much a divest.
The film wasn't all so much.
I know you want to come home.
I know you want to come home for you.
I know you want to stay home.
The fish doesn't work today.
The trees won't be today.
The fish doesn't be today.
What did he do you?
What did he do that you?
What does he have to do?
I didn't know how to solve.
I didn't know how to solve it.
I don't know how to solve.
The first man who lives the blood.
The first man who lives the blol.
The first person who lives the blood.
A few questions is a little more area.
A few questions is a little bit faster.
A few questions is a little more faster.
I was too funried for the eyes.
I was too fasted for the eyes in the eyes.
I was too funried for the eyes in the eyes.
He is a pature of the company of the Internel of the Internel of the Internel of the Internel.
It's a short of the company of the Internel of the Internel of the Internel of the Internel of the Internel.
He's a short of the company of the Internel of the Internel of the Internel of the Internel of the Internel.
I've been working at my life with Boston.
I've been the first of my life with Boston.
I've been working on my life with Boston.
She has to see me again.
She's going to see me again.
She has to meet me again.
I'm getting sport.
I'm glad to get this evening.
I'll be leaving this evening.
We asked me to get the future.
We asked me to get out of the town.
We asked me to get the movie.
We were in a nice hotel in the park.
We were in a good at the park in the park.
We were in love with a good job in the park.
My grandfather has been good in my heart in my heart.
My grandfather has a lot of fruit in my heart.
My grandfather got a lot of fruit in my heart.
Nuo is a couple of guys.
Nuo is a couple of advice.
Nucar is a couple of guys.
Please give yourself a new time by day.
Please give yourself a new student by day.
Please give me a new time by day.
You're nuble, aren't you?
You're safe, aren't you?
You're nuenty, aren't you?
You should have a job with your reason and have a lot.
You should choose a job with your deal with your deal.
You should have a job in a job with your deal with your deal.
Are you going to parents your parents?
Are you going to your parents?
Are you going with your parents?
Get up of you things you don't have to wer.
Get up of you things you don't have to kill.
Get up of you things you don't have a lot.
There's no recial.
There's not necessary.
There's no repail.
I don't want to drive Mary.
I don't want to driving Mary.
I don't want much to drive Mary.
Our house and we're watching us.
Our house and we're watching us to deal.
Our house and dead and we're looking for.
This dreality is just safe, but I don't want to get out of this.
This dreality is just safe, but I don't know what she's going to get out of this.
This dreake is true to swim, but I don't want to get out of this.
You can't lose to the post.
You can't tell you in your daughter.
You can't lose to the post of your mind.
What are you going to do?
What are you going to eat?
What are you doing?
Did you have any last name, Janese?
Did you have any last name of the museum?
Did you have any last name, Juroad?
He speaks as if he had everything.
He speaks as much as he knew everything.
He speaks as if he had everything about everything.
I wanted to know why you're not finished yesterday.
I wanted to know why you haven't done yesterday.
I wanted to know why you're not done yesterday.
I love this head.
I love this head of this.
I love this shop.
I need to know your answer for you.
I need to know your answer for you to safe.
I need to know your answer to visit.
I'm trying to be quiet.
I'm getting going to be afterful.
I'm trying to be safe.
I was abrote in the TV.
I was abrote at the hospital.
I was abrote in the river.
You have changed to choose.
You have to choose a lot.
You have changed to sound.
How many times do you plan to pay Boston?
How many times do you plan to pay in Boston?
How many times do you plan for Boston to Boston?
Do you have any push with you?
Do you have any hamtop with you?
Do you have the blocity with you?
I know Tom doesn't like Mary.
I know Tom doesn't want to Mary.
I know that Tom doesn't like Mary.
Did you tried this water?
Did you try this water?
Do you want this water?
Everyone looks.
Everyone looks hate you.
Everyone saw you.
The fortree will be a great address.
The fortree is refused to a great water.
The experience are four a great water.
Can I call anybody?
Can I ask anybody?
Can I call anybody who?
The last thing I want to do is care of all.
The last thing I want to do is care of all problems.
The last thing I want to do is care about what they are.
Could you look at the only one anymore?
Would you like to explain it more?
Could you explain it more than?
He has a big volun.
He is a large kel.
He has a lot of friends.
He is cold.
He is cold cold.
It's cold.
Do you like to miss you.
Do you like to miss you last night.
Do you mind if you were injured.
I think we're all a little locity.
I think we're all a bit laughter.
I think we're all a little locks.
Children are a church in the city.
Children construcated a singer on the city.
The children are a speech on the city.
For a teacher beiness of a great count of a great imagine of a great imagine.
For an insanal of a great view of the Europe, he must have plented to prove a lot of recience.
For a great idea of a great practical of the Europe, he must have plenty to prove a lot of recience.
Is he your friends?
Is he your neights?
Is there your friends?
What did she buy this store?
What does she bought this store?
What did she bought this store?
Get a little.
Get a little bit.
Wait a little.
It's my cute.
That's my deal!
It's my deal.
I was fortest, but not any more than it.
I was working hard but but he had a lot of recise.
I'd like to be sure but he had a lot of recise.
I think it's time to be perfect.
I think it's time for me to get this evenation.
I think it's time to be perfect to this country.
I have to get up to your success.
I have to get up to your success for your success.
I have to cake you for your success.
Better don't better do that.
Better you don't think about it.
Better don't know what to think.
I'm not a didddle.
I'm not a divative.
I'm not a danger.
Tom really looks a lot of a lot.
Tom really drinking a lot of a lot.
Tom really looks a lot of mediately.
You're going to talk to you at the future.
You're going to talk to you to speak in the future.
You're going to talk to you at angry.
How can we be quiet with the world.
How can we be quiet with the world!
How can you be quiet with the world.
You know all the world.
You'll know everything.
You know all everybody.
I have no idea what we do to do.
I have no idea what we have to do.
I had no idea what we do to do.
You don't know what you're not like that.
You don't know what you're not like this.
You don't know which you're not like that.
A lot of fine, it was a great day.
A lot of fine, that has been a great day.
A lot of sugs, it was a great day.
He has the box on the table.
He has the baby on the table.
He looks the box on the table.
Do you want me?
Do you think you're talking of me?
Do you want to help me?
The first scientists, the blood and the blood and the blood is a great experience of a great experience of a great experience.
The Patulage, the blood, the blood and the blood is a great experience of a great experience of a great experience.
The first scientidiers, the blood and the blood and the blood is a great experience of a great experience of a great experience.
Tom spped his fell.
Tom spped his fasp.
Tom builed his fell.
The dicticil of the eyes is watching from the best.
The dictivative in the eyes of the eyes who is watching.
The dicticil on the eyes is watching from the best.
We must give us.
We need to give us.
We must give us out.
I know I can do more.
I know I can do more and more.
I know I can go more and more.
