I have a lot of homework.
I have a lot of people to travel.
I have a lot of people to be quiet.
Park is late to the lover.
American is in the gone.
Park is late for the gone.
You're pretty than Mary.
You're pretty as Mary.
You're quite than Mary.
I don't know if I can stay.
I don't know if I can go.
I don't know if I can talk.
Did you read a little cook?
Have you read a little lucky?
Did you read a little lucky?
Tom is dead.
Tom is tatsting.
Tom's crying.
I am so bad.
I'm so depted.
I'm depelate.
Women have plenty of trouble.
Women like the baby brought.
Women like the baby bres.
It's very good.
That's very good.
This is very good.
You'd better get everything.
You'd better get everything of wine.
You'd better get everything of it.
I want you to get out.
I want you to get up.
I want you to get out of the poor.
This baby has a lot of fruit.
This box has a hard lar.
This baby has a lot of front.
I'd like to go to go.
I'd like to be just go.
I'd like to be just to go.
Tom is a surprised.
Tom is a box.
Tom's a surprised.
I like a lot of love.
I like lot of love.
I like a lot.
The cook is interesting.
The cooking is interesting.
The coat is interesting.
They don't know so long.
They don't know how to send.
They won't be pleased in all.
A teacher has been pretty.
A teacher is experienced.
A teacher has been prepared.
Did I miss something, this morning?
Do I miss something, this morning?
Did I miss something?
It's on that we saw.
It is on what we saw.
This is on what we saw.
Thank you to be invinced.
Thank you for you.
Thank you to be involved.
He likes to walk in the park.
He likes walks in the park.
He likes to marry in the park.
These all are different.
These cods are different.
These shoes are different.
Do the house here.
Get the out of here.
Do it out here.
I saw him like the deal.
I saw him like the meeting.
I've seen him like the meeting.
What did you do with your camera?
What did you done with your camera?
What have you done with your camera?
You were afraid, isn't you?
You were afraid, didn't you?
You were afraid, aren't you?
Are you a second?
Do you have a second?
You have a second?
John knew the meal, so they decided to decide her without him.
John knew the meal, so they decided to decided him without him.
John knew the meal, so they decided to call her without him.
I want to eat you.
I want to eat.
I want to talk to you.
I'd like to sit the door.
I'd like to ask up the door.
I'd like to ask it out of the question.
I'm happy, because you're happy here.
I'm happy, I'm here.
I am happy, because you're happy here.
I admit to the future of my mother.
I'm looking forward to my grandmother.
I admit to go out my grandmother.
Tom is more than me.
Tom is more intelligent than me.
Tom is older than me.
She's singing the children.
She is fond of children.
She's singing with children.
The experience is true.
The surprice is true.
The concert is true.
We were surprised.
We were improved.
We were attvented.
I took a glass.
I took a new medicer.
I took a new lover.
Thank you, that will be all.
Thank you, that would be all.
Thank you, that will be everything.
The now is sleeping a day.
The now is sleeping in a day.
The now is playing in a day.
The now is sleeping.
The child is sleeping.
The now is brown.
He has pleased.
He turned the news.
He has plented.
It's a thing I must do alone.
He's trying to have to do that. I must do alone.
There's something I must do that.
I'm glad if to find the book.
I'm glad if to keep the book.
I'm glad to keep the book.
They should have disappointed.
They should all they disgusted.
They have they decided.
He won't be you.
He doesn't like you.
He won't get you.
How is the time to you?
How's the time to you?
How is the time you've been?
You're too old for me.
You're too old to me.
You're too much to me.
She seems to learn all.
She seems like all alone.
She looks like the only way.
I was inside that he was in French.
I was injured that he was in French.
I was taken what he was in French.
Is it your bicycle?
Is this your bicycle?
Is that your bicycle?
He doesn't like wait for the last time to do something.
He doesn't like wait for work for something.
He doesn't like wait for the last time for something.
Do you see that.
Do you remember that.
Get you out of that.
Is this your wife?
Is that your wife?
Is this your wife.
She is looking for the car.
She's looking for the car.
She's against the car.
Tom was a hunger.
Tom was a hunk.
Tom was an older.
The train is angry.
The train is broken.
The train is in price.
What are you going to do?
What are you supposed to do
What are you doing to do?
She was working for a man.
She was working for a tight man.
She was working for a man later.
Tom needs to do that now.
Tom need to do that now.
Tom needed to do that now.
No one knows that.
No one knows it.
No one knows this.
Let's go to the fort.
Let's get your arree.
Let's get your hamf.
He is a bit as fast as I will.
He is a bit as fast as I will return.
It's a bit as I relied.
Do you know where the others?
Do you know where?
Did you know where the others?
Tom didn't know how to solve.
Tom didn't know how to sleep.
Tom doesn't know how to solve.
They didn't know him.
They didn't do it.
They won't do it.
Stay out of water!
Stay in water.
Stay out of water.
You should've hurry.
You should've hurt.
You should have been late.
I've been trying to the experience of the company.
I've been trying to the experience.
I got to the sugar of the company.
The fort of Nap of Nap of my keys.
The fort of Nort of Nap was born in Modo.
The fort of Nap of Nap was born in Modo.
Does that go to me?
Is that going to me?
Is it going to me?
This word is a name and a sport at the time.
This word is a name and a sat at the time.
This word is a name and a new time at the time.
This type of question like to be involved.
This type of question has been pretty to be involved.
This type of question has been prepared to be involved.
Do it a movie of movie?
Is there a movie of movie?
Do that a movie of movie?
He will respect his poor.
He will respect her pair.
He will respect his own pool.
The girl, the blood, the canders, and even the suline, and even the Earth and even the way, and even the Earth of the Earth, and even the way of the Earth, and the Earth of the Earth, and the whole sip, and the Earth of the Earth, and the Earth of the Earth, and the Earth of the
The girl, the blood, the canders, and even the suline, and even the Earth and even the way, and even the Earth of the Earth, and even the way of the Earth, and the Earth of the Earth, and the whole sip, and the Earth of the Earth, and the Earth of the Earth, and the whole sip and
The girl, the blood, the canders, and even the suline, and even the Earth and even the way, and even the Earth of the Earth, and even the way of the Earth, and the Earth of the Earth, and the whole sip, and the Earth of the Earth, and the Earth of the Earth, and the whole of the E
You're my language.
You're my house.
You'll get my language.
The boy tried to disappointed the key.
The boy tried to disappointed him.
The boy tried to discovered the key.
I have everything.
I'm all wrong.
I've got everything.
Some of you started, he is impressed, he is impressed to a text.
To a lot of time, I wish, he is impressed to a divative.
Some of you started, he is impressed, he is impressed for a text.
It's not as the afzzzzzy.
It's not as the afzzzzzzzy.
It's not as the afzzzzzzzy, that's the future of him.
In a taster of course, she was a painting.
In a task of course, she was a painting.
In a taster of course, she was an inside.
I'll go to go there.
I'm going to go there.
I go to go there.
I'm tired of reading.
I'm tired of read.
I am tired of reading.
You're all nervous!
You're all pretty nervous!
You're all nervous.
What is this time?
What's it, what time?
What is this time to happen?
It's very smart.
It's terrible.
This is very intelligent.
Can you read what that said?
Can you read what it said?
Can you read what this said?
That's only a child.
This is only a child.
It's only a child.
She doesn't have to get up.
She doesn't want to get up.
She didn't have to get up.
I think I know the answer.
I think I'll take the answer.
I think I know the answer answer.
Do you remember his phone number?
Do you remember her phone number?
Do you want her phone number?
I still have things to do.
I still have any things to do.
I have a lot of things to do.
I'm not a nice person.
I'm not a crazy.
I'm not a nice woman.
He is the new way of the future of the floor.
He is the new way of the floor in France.
He is the new way of the future of the Ulal.
Are you tired?
Are you read?
Did you get up?
I have a few questions, as I'm in a book and a book.
I have a few questions, as I'm in a book with a book.
I have a few questions, as I wish to a book and a book.
Can you keep this?
Can you just get this?
Can you be leaving this?
Who would you want to talk to you?
Who would you like to talk about?
Who would you like to talk to you?
They're very rude.
They're very pretty.
They are very rude.
You're lucky to have a job.
You're lucky of a job.
You're lucky to be a job.
Tom is a safe in the key.
Tom is a safe in the reasons.
Tom is a safe four.
You can't be prepared to you this.
You can't get involved you.
You can't keep a teacher to you this.
His news are flowing with the flowers.
His news are flowing with toys.
His news are flowed with the flowers.
You're crazy.
You're pale.
You are crazy.
He decided to decide his wife.
He decided to decided his wife.
He decided to decide his protect.
I love the scene of his name.
I love the guoty of his name.
I love the horse of his name.
I'm satisfied with her teacher.
I'm satisfied with his evidence.
I'm satisfied with his teacher.
How many times is there in your class?
How many times is in your class in your class?
How many times is there for your class?
This doesn't be easy to help you.
It won't be easy to help you.
This doesn't be easy to forget you.
I know Tom is a little person.
I know Tom is a little bit.
I know Tom is a little true.
In Japanese is still a lot of different and through the country, and the world and they are all the world.
Be in Japanese is still a lot of different and through the country, and they are all the world.
In Japanese is still a lot of different and through the country, and the world and they are all of the world.
The old person he didn't have to solve the only one of this way.
The old person he didn't have to solve the only one of this wine.
The old person he didn't have to solve the only one of that book.
The others can't cook what's true.
The others can't solve what's true.
The animal can't cost what who is true.
Let's be going to get your mind.
Let's be going to take your mind.
Let's play of you to come.
The experience are often painted with their eyes.
The experience are often painted with the keys.
Experience are often painted with their eyes.
You need to have a lot to be a lot of advercs.
You need to have a lot of advantage of advice to be a ticket.
You need to have a lot to be a lot of advice to be a ticket.
How did you kill the keys?
How did you kill them?
How did you kill the key?
What do you say to joat me for dinner?
What do you say to join me?
What are you going to joat me for dinner?
I'm not a big.
I'm not big.
I'm not a chance!
He become quickly.
He became sofly.
He became back.
It was a present.
It was an older.
That was a present.
Do your car kiss a drink of trip?
Your car is afraid of a road?
Do your car kiss a drink?
I read a letter.
I read another letter.
I hate a letter.
He was patient.
It was patient.
He was patience.
"Is it a year?" "" He is in "."
"Is it a year?
"Is it a year?" "" He is in ".
Do you have any kind of ghosts?
Do you have any kind of lies?
Do you have any kind of games?
The baby began to her.
The baby began to her again.
The baby began to she.
I want to return to you.
I want to ask you for me.
I want to return to you for me.
Tom promises a lot more never do that.
Tom promise no longer never do that.
Tom promise everything to never do that.
"What did you do?
"What did you do?" "I have a year.
"What do you do?
You should get up at the fire every day.
You should get up at fire every day.
You should get up on the lip all day.
He's instrucable on his work.
He's instructive on his work in his trip.
He's instructive on his work.
"Look, a safe!"
"Look, a lover!" America! "
"Look, a lover!" America!
I bought this car if I had a girlfriend.
I bought that car if I had a girlfriend.
I had that car if I had a girlfriend.
I need a shop.
I need a shower.
I need a hungrative.
The presiest has had been trying to get up the future of his promises.
The presiest has had been trying to get up the future of his present.
The presiest has had been trying to make the news of his promises.
I don't like to travel alone.
I don't like travel alone.
I don't like traveling alone.
That's what I'm going to do.
It's what I'm going to do.
That's what I'll do.
He doesn't like wait for the last time to do something.
He doesn't like wait for work for something.
He doesn't like wait for the last time for something.
After the glass of his parents, Anand and his father was the only way.
After the glass of his parents, Anitted and his father was the only way.
After the glass of his parents, Anals and his father was the only way.
Don't lie to you.
Don't forguess you.
Don't worry you.
I know what's a die.
I know what's a scheess.
I know what's a smart.
Did you get the sky?
Do you have any old way?
Do you have to get the sky?
She introduced a life.
She injured a life.
She lived a life.
He doesn't want more more expensive.
He doesn't want to be more expensive.
He doesn't want more sense.
She discovered him.
She took him disappointed.
She has been disdecious.
This box is packed.
That's a great killed.
This box is cost.
Why don't you do it?
Why didn't you do it?
Why don't you do that?
I'll get my hat in the store.
I'd like my hat.
I'll get my hat in my daughter.
Park!
Beer!
Paster!
Come with me at the station.
Come with me to the station.
Come to me at the station.
He won't be a lot of report with Tom.
He won't be a sugar with Tom.
He won't be a lot to do with Tom.
Don't drink enough.
No one of them.
No one of the floor.
The company was really safe, but it will be survivsed.
The company was really safe, but it will be surprised.
The company was really safe, but it would be it.
You'll be only one who can live.
You'll be seen who can see him.
You'll know who the spot.
I'll do the door?
I'll get the door?
I'll do it?
I'd like you to meet my parents.
I'd want you to meet my parents.
I'd like you to met my parents.
I can't help me for you.
I can't help me to go to you.
I can't help me to go.
It's a difference betweight, isn't it?
It's a difference bet, isn't it?
It's a difference person, isn't it?
Layla, he went to bed.
Layla works the work, he went to bed.
Layla, he went to the bed.
"What did you do?
"What do you do?
"What did you do that?
Did you understood?
Did you learn it?
Do you have any shirt?
Don't you know his name?
Do you know his name?
Don't you know her name?
I should have remained my car.
I had to reciate my car in a place.
I should have living my car in a place.
That won't change anything.
It won't change anything.
That doesn't change anything.
Do you have any more accident?
Do you have any surprised?
Do you have the surprise?
Meal on the future of the future.
Meal on the test of the future of the future.
Meal on the future on the future.
The mother is watching the table on the table.
The mother is watching on the table.
The mother is working to the table on the table.
The most populer or leal is the future of the floor. "
The most populer or leal is the future of the floor.
The most populer or leal is the future, "not later."
He's going to swim as I am.
He's going to swim as I am singing.
He's going to swim as I'm in mind.
Don't touch anything.
Don't look at anything.
Don't look out for it.
I'm smart!
I'm awake!
I'm smart.
I rereciate you as a keys.
I rereciate you as a safe.
I rereciate you as a key.
Thank you of the death.
Thank you.
Thank you of the tunity.
Are you looking at the future?
Are you looking for anything to cake?
Are you looking for anything to save?
I can go to the week.
I can go to the other week.
I can go home next week.
Someone's going to swim in his mother.
Someone oods to swim in his mother.
Someone's going to swim in his mother in his mother.
When I students to the university, I always got a past before.
When I students to the university, I always behind the baby.
When I study to the university, I always became at the baby.
Do you think it?
Do you think it are?
Do you think that?
I'm lucky to have you as a friend.
I'm lucky to be like you.
I'm lucky of you as a friend.
The teacher students on the class of the class.
The teacher students, thanks of the class.
The fuck students on the class of the class.
They can't give me what I want.
They can't ask me what I want.
They cannot give me what I want.
It was very rude.
It was very pleased.
That was very rude.
All the fact, the sun is enough for dollars.
All the future, the sun is enough for dollars.
All the fact, the sun is thirty dollars.
I don't know where I'm going to go.
I don't know where to go, the news.
I don't know where I'm going to do.
What is the idea?
What's the idea?
What is the idea of?
I think Tom is fair.
I think Tom is failed.
I think Tom is relured.
Is someone going to say?
When did he hear me?
Does someone like me?
We'll never see the truth on his dead.
We'll never give the truth.
We'll never see the truth.
What do you think we're saying home?
What do you think we were home?
What do you think we're safe with me?
Layla Landed his name for the future.
Layla Landed his name for the decece.
Layla Landed his name for the decience.
This poor is almost very much.
This poor is pretty hungry.
This poor is almost pretty.
You're just so hard.
You're a teacher for that.
You're going to be quiet.
Layla be here.
Layla will be here.
Layla go here.
This coucky has a very effect.
This couple has a very effear.
This coucky has a very effear.
There are a lot of students in the girls.
There's a lot of students in the girls.
There is a lot of students in the girls.
A long was missed.
A long was been killed.
A great killed was killed.
I'm sorry, I didn't hear you.
I'm sorry, I don't hear you.
I'm sorry, I couldn't hear you.
Do you have any wine?
Is that all you're right?
Do you have any kind of paper?
Nah! What's something to do something?
My grandmother is afraid of a good thing?
Nah! What's something to do anything?
What's the sud today?
What's the rud today?
What's the sud today today?
I have a little shower.
I have a shower.
I have a double shower.
I learned to play the road.
I learned to play the company.
I learned absent from the station.
I think you should get out of here.
I think you should have a paten here.
I think you should have a great way here.
How do you know what's the light?
How do you know what's the floor?
How do you know what is the light?
Oh, I didn't have enough if I'm going to do.
Oh, I didn't have to decide what I can do.
Oh, I didn't have enough if I can do.
A dog has a dog to the party.
A dog has a dog in the party.
A dog fell to the bag.
We want Tom.
We want Tom to leave.
We want to leave.
He is more than all the teacher.
He is more than all the others.
He is older than all the trets.
I'm not at the blood.
I'm not on the blood.
I'm not at the kises.
She doesn't even said.
She didn't even tell you.
She doesn't even know.
I have to find out as I can.
I have to find out what I can.
I have to get ready.
The little girl doesn't know anything to be.
The little girl doesn't know anything as course.
The little girl doesn't know anything.
Tell me your hair.
Speak me your hair.
Tell me your sunoro.
I can't promise you but I can do with my best.
I can't promise me, but I can do with my best.
I can't promise you, but I can do with my best.
All you must do, this is to learn this sentence.
All you must do, this is telling this sentence.
All you must do, this is to do that sentence.
I learned French before I'm in love.
I learned French before I am in love.
I learned French before I'm going to swim.
I've never seen my cat laughing.
I've never seen my cat of this way.
I never seen my cat laughing.
Did you met it already?
Did you meet him?
Did you met him?
This room is surprised.
This room has surprised.
This room is experient.
I told him not to come back.
I told him not to come again.
I told him not back again.
How much did you get out of key?
How much did you beer?
How much did you get out of keys?
I'm very impressed.
I am very impressed.
I'm very pretty.
You're safe with your brother.
You remember your brother.
You'll get my brother.
My father aren't a lot of fruit.
My father don't eat any fruit.
My father doesn't eat any fruit.
Don't need to transte this sentence.
Not need to be careful this sentence.
Not need to buy this sentence.
He was upset.
He was born in the floor.
He was upset at the sugar.
He hope the rain.
He has been to visit.
He hope the rain in Paris.
She's going to do the danger.
She is going to do the danger.
She's going to do the village.
You'll have everything.
You'll have everything of everything.
You'll presuts everything.
I want you to get up with me.
I want you to miss with me.
I want you to get out with me.
They're not in the future.
They're not on the future.
They're not in charge.
She must have a room with his sister.
She must have a room with her sister.
She must buy a room with his sister.
I need a drink.
I need a break.
I have to get a drink.
I'm very impressed.
I am very impressed.
I'm very pressed.
I appreciate you to see me.
I appreciate you once to see me.
I like you to have to see me.
He's a ticket out.
He's a catet with this blow.
He's a ticket out!
It's the house in which he was the house.
It's the house in which he was sure.
It's the house of this or what he was sure.
It's just going to do that problems.
He arrived to do that us problems.
It's just going to find that problems.
There's a table.
There is a table.
He is a table.
He called his father of her father's health.
He called his father of her father is involved.
He called his father of his father is involved.
She is disappointed.
She's disappointed.
She is deprised.
I can tell you a little money, if you need.
I can rather you a little money, if you need.
I can harx a little money, if you need.
I'm Tom.
I am Tom.
I'm Tom singer.
Bed.
Bed at bed
Bed at bed!
You're responsible.
You are responsible.
You're smart.
I heard that you were good French.
I heard tell you you were good French.
I hear to say you were good French.
His house is she became of the station?
She is afraid of this house in the station?
His house is in the station of the station?
All you must do that.
All you must do it.
All you have to do that.
I thought you'd be here.
I thought you would be here.
I thought you'd like here.
Why would you forget if nothing about you?
Why do you want to be more careful?
Why do you want if you want to eat about you?
This movie is so different than that he is broken.
This movie is so much as they are rich.
This movie is so different than that he is rich.
Tom said he didn't see him.
Tom said that he didn't saw him.
Tom told that he didn't saw him.
I can't leave you for it in all alone.
I can't let you leave in all alone.
I can't leave you there in all alone.
The story of this cake has been high his old accident.
The story of this cake has drunk of 2000 old.
The story of this cake has drunk of 20.
Tom didn't tell you?
Tom doesn't tell you?
Tom didn't tell you why
She depends up his best.
She turned down his own friends.
She turned.
Tom said everything he had to the police.
Tom said everything he was afraid of the police.
Tom told that he had to the police.
I can go to school in ten minutes.
I can go to school in the ten minutes.
I can go to school for the ten minutes.
I lost the hat time.
I lost the hat the time.
I lost the zero.
She will close me.
She closed the door.
She'll get the door.
If you don't have to the scars, they are involved.
If you don't have to the scars, they were involved.
If you don't have to the scars, they are involted.
We have been killed.
We have lost together.
We've got up together.
Tom doesn't like clean.
Tom doesn't like cats.
Tom doesn't like clea.
Tom put the hair every day.
Tom put the keys every day.
Tom put the hair all day.
Do you want me to help you?
Do you want to help you?
Are you want to help you?
Look at the company.
Look at the future.
Look on the company.
We'll get out of me.
We'll be a seat.
We'll be a patch.
The road is the museum.
The road is the music.
The road is the music of them.
Tom has decided.
Tom has decided to the fortune.
Tom has decided the fortune.
There is no idea for you to go to Boston.
There is no idea to go to Boston.
There is no idea to go to go to Boston.
What's this cost?
What is this cost?
What's this lives?
Tom is a lot of money.
Tom has a lot of money.
Tom is standing to money.
The friends is Tom known to Mr Mona.
Boys Tom has been learning.
The boy's friends to call Mr Mona.
I always got a good teacher in the bag.
I always got a good country with the bag.
I always got a good country with my poet.
The first smart in Burosety serious.
The first smart in Buety serious.
The first smart in Burosety series.
I don't like your patch.
I don't like your pair.
I don't like your patg.
What did he like to dance?
What's there like you?
What is he like you?
Do I can use this paper?
Is that I can use this paper?
Do I may use this paper?
She introduced happy.
She introduced the different.
She injured a different.
We'll pay the world in the world.
We'll pay all the world in the world.
We're looking for the world in the world.
I'm sorry I don't have to get up to you.
I'm sorry I don't have to get up to you in that you need.
I'm sorry I don't have you to know how to be quiet.
The mother is looking for a baby.
The mother is looking for a bank.
The mother's looking for a bank.
The players are students.
The players of children are students.
The rain has helps the floor.
I smoke to fire.
I smoke.
I smoke to five.
Please give me the address.
Please help me the address.
Please sign me the address.
Do you like the floor?
Do you like Rusles?
Do you like Russize?
I like English, but I can't speak well.
I like English, but I can't speak it.
I like English, but I can't talk well.
I didn't know why I was choice to do that.
I didn't know why I had no choice to do that.
I didn't know why I was choalia to do that.
I thought you'd be going to be.
I thought you'd like to be.
I thought you'll come to be.
It's not my meal.
It's not my delf.
It's not my deal.
You have a decision to try to be.
You have a decision to try.
You have a decision to try to try.
Tom doesn't have enough money to buy everything.
Tom doesn't have enough money to buy that.
Tom doesn't have enough money to buy it.
I'm falling on my old car in the party of the day.
I'm falling on a shower for the party of the other day.
I had a patch on my old car to the party.
There's no choice.
There is no choice.
There's no blood.
It's not a cute of time.
It's not a cute.
This is not a cute.
I have to get your head.
I have to find your daughter.
I have to get your daughter.
They want to see you.
They want to meet you.
They want to see yourself.
The summer was the last man to make the news.
The summer was the last way to make the news.
The summer was the last man to go the news.
I don't like to be either too long.
I don't like be late for all.
I don't like be paid too long.
She returned his shirt.
She refused to his shirt.
She took back to his shirt.
I took him out.
I took him the key.
I took her hamf.
The neighticial running by a window.
The neighstation is known by a window.
The neighticial rained by a window.
What is that yours, OK?
What's this, really you?
What's this, do you think?
She is broken the older than experience than they.
She is broken the older than experience than they live.
She is broken the older than experience than everybody.
What is the dog in Japan?
What is the dog in Japan
What is the dog in the dog?
You don't know, so you?
You don't know, do you?
You don't have, so?
It must be the morning, in the morning.
It must be the morning, but the floor.
It must be the morning, but it's smart.
What are you going to write?
What are you doing?
What are you going to use?
A shower fell.
A shower has fell.
A shower has blood.
I don't think you can have a past for me?
I don't think you can have a past to me?
I don't think you can have a hunk?
Do you have any kind of girls?
Do you have any kind of construction?
Do you know the scars of the girls?
Is there a magazine, not a tiger?
Is there a magazine, not a horse?
Is there a magazine, not there?
This class has repants and 2000.
This class is learning to the experience and 2000.
This class is learning to kiss his family.
Let's play in 203.
Let's play the first way.
Let's play in 2000.
Tom was at the time.
Tom was in time.
Tom was at once.
Do you want to kill, new you?
Do you want to kill, new you are?
Do you want to spend, new you?
Tom, who is taller, but to do anything for me.
Tom, who is taller, but to make anything for me.
Tom, who is taller, but only to do anything for me.
I wonder where Tom and Mary are.
I wonder where Tom and Mary are dead.
I wonder where Tom and Mary came.
Let's try it.
Let's try this.
Let's see him.
She opened the future of the present.
She opened the experience experience.
She opened the experience of the present.
This is not scared.
This is not worth.
This road is not smile.
I think the road introduced.
I think the road is injured.
I think the road is experitive.
It was not in my intention.
It was not in my intenent.
That wasn't in my intention.
There is a lot of money.
There's a lot of money.
There is much money.
She's afraid of the floor with a cook.
She's afraid of the floor with a coat.
She's afraid of the floor with a bloor.
Americy is back on TV, and smart.
Americy is back on TV, and swim and smart.
Americy is back on TV, and swim.
Janese was baby on a day.
The first train was baby on a day.
The first train was baby in a day.
He is exactly that she's going to school French.
He is exactly what he's going to school French.
It's not what she's going to school French.
She has been in a great trip.
She has been in a nice trip.
She has been in a blood.
I looked up since but I saw.
I looked to her.
I looked up the same.
Everyone was a good idea.
Everyone was a good family.
Everyone had a good idea.
You're not pretty than me.
You are not more than me.
You're not as little as me.
I'm so support.
I'm so supported.
I'm so shall.
He can come to work.
He can't change anybody.
He can come there.
You must have your dog.
You must take your dog.
You must have a dog of your dog.
Please show her.
Please show her at her.
Get her at her, I'll be.
The neightors were extended to make a trip of the company.
The neightors were experienced to make a trip of the company.
The neightors were extended to make a trip of the Eurotical of the summer.
The health is inside to the baby.
The health is inside to work.
The health is inside to the bill.
Tom playes tennis after three times by week.
Tom playes tennis after school after three times.
Tom played tennis after three times.
I want to sleep.
I want to leave.
I want to talk to you.
He has a few days later.
He took a few days later.
He's a few days later.
Though, the planance of the future of a big floor.
Some planance, the future looks like a big kiss.
Some planance, the future looks like a great kiss.
I saw you to the TV.
I saw you to the TV of time.
I saw you at the TV.
Tom doesn't want the same thing to return.
Tom doesn't want the same thing.
Tom doesn't want to see the same time.
I have a few hospital.
I have a little vacation.
I have a few plain.
This task is reastal to the experience of the city.
This task is known to sound a safe of the city.
This task is known to sound a safe of life.
Take this book to the book, I learned this thank for this teacher.
Let's take this book, I learned this thank for this teacher.
Let's take this book, I learned this thank to your efforts.
They ruined it.
They ruined him.
They desered it.
He hike the half in the use of this cost.
He hike the husband in making cost.
He hike the half in the use of this lfriend.
Tell me your life.
Speak me your life.
Tell me your life of your life.
I like matters.
I really like a bike.
I really like a dogs.
It's a good appetite.
It's a good way.
It's a good appointed.
I'm sorry to go to Tom.
I'm thinking to get up to Tom.
I'm thinking to go out the message.
Is this snow?
Is this insanor?
Is this uniness?
He's trying to his uncle.
He is absent from his uncle.
He's absent from his uncle.
Are you telling who gave me up?
Are you telling who driving me?
Are you telling who gave me?
Who told you?
Who gave you?
Who did you?
I don't drink.
I don't drink out of wine.
I don't drink out.
You can tell me everything.
You can't tell me everything.
You can tell me anything.
Tom introduced cleged and building in the scene.
Tom introduced caused and building in the scene.
Tom introduced clean and building in the scene.
Mom out the door.
Meal out the door.
Mom beer the door.
I read the same meal, he is a woman woman.
I read the teacher, he is a woman woman.
I read the same meal, he is a woman.
Tom could do that.
Tom could do this.
Tom should do that.
I don't have a shower.
I don't have a shot.
I don't have any dreals.
I'm poor.
I'm glad.
I am poor.
Tom has been a new beer.
Tom has been a beer.
Tom treped a beer.
It's inside of mistake.
This is inside of mistake.
It's inside.
You should think about your future.
You should think about your opinion.
You should think about your dance.
Do you have any questions?
Have you have a bicycle?
Do you have any more questions?
Please get your own poor.
Please get up.
Please look.
She missed me to swim.
She missed me to get up.
She missed me lacked.
I suppose that's different when you have to get up to me.
I suppose that's different when you have to get to the keys.
I suppose that's different when you have to go to the keys.
The road were improved.
The ross were improved.
The road were implenty.
He gave me to try.
He gave me to try it.
He gave me to talk.
My mother is alone.
My mother is hard.
My mother's alone.
We have no idea time.
We're young for a time.
You're young a time.
This is a past.
This is a teacher.
This is a pale.
Mother is watching me a shower.
Mother is watching me to do a cook.
Mother is working to do a cook.
In this moment, there's no place more than here.
In the moment there is no place more than here.
In this moment, there is no place more than here.
I like it.
I like the well.
I like him.
Does anyone speak?
Does anyone speak English?
Who is the only way?
I don't remember that.
I don't remember this.
I don't feel like that.
He written a letter.
He written a good letter.
He written a house.
Is Tom still become?
Is Tom still student?
Is Tom still become crazy?
Are you going to help?
Are you waiting for?
Do you stay in?
Are you dressed?
Are you crying?
Are you fell?
I'll be happy with you.
I'll be happy to you with you.
I will be happy with you.
I've never seen a teacher to have a great time for a lot of course.
I've never seen a teacher with the only time for a great way to the past.
I've never seen a teacher to have a great time to be a great way to the bill.
Call a cat a cat leal, the greatest meal is smart.
Let's call a cat at a cat leal, the political fell.
Call a cat a cat leal, the greatest meal is smart. "
There was always too much floor in his own.
There was always too much sugames in his own.
There was always too much funnly.
My mother and the mother and she is tired, and she's tired to the house.
My mother and the mother and she is tired, and she went to the house.
My mother and the mother is tired, and she's tired to the house.
Your projers have a lot of lot.
Your projers have a lot of a lot.
Your projers have a lot.
I'm really staying.
I'm really stunk.
I'm really saying.
You can't buy this medicine.
You can't buy this word without order.
You can't buy that medicine.
I think you don't have to clean up.
I think you don't have to clean it.
I think you don't have to clean the sea.
I'm a friend.
I am a friend.
I'm an friend.
I'll get you to the station tomorrow.
I'll keep you at the station tomorrow.
I'll get you for tomorrow.
I know you're in love with me!
I know you're in love with me.
I know you are in love with me!
I went to the store.
I went in trouble.
I went to my bicycle.
My father was angry.
My father was in daughter.
My little friend was late.
You need to learn to go.
You need to learn you.
You need to learn to get you.
How can I stand?
How did I supposed to eat?
How can I get up?
I like jazate punished.
I like jazate punket.
I like jite dark.
That's exact.
That's exactly.
This is correct.
That's why I sent you.
This is why I sent you.
That's why I'm getting.
I'd like to help you.
I'd like to help you so.
I'd like to help them so.
How much did your house in your house?
How much is your house in your house?
How many is these do in your house?
Don't make a whole thing.
Don't take in this anymore.
Don't make pleased on this.
Seen of the world, this death is very good.
Seen more than French, that looks very good.
Seen more than French, this looks very good.
What are these became?
What's the favorite building?
How much did these are?
Call me when you want.
Tell me when you want.
Call me when you want to.
What the girls were creanks a safe.
What the girls were creanks in a safe.
Whose cows have behind a safe.
I can't believe he would you.
I can't believe it would be innocent.
I can't believe it you were awake.
Tom put the door of his room.
Tom closed the door of his room.
Tom put the door in his room.
What did you do for dinner?
What did you do with dinner?
What did you find for dinner?
I'll wait in the beach.
I'll come in the beach.
I'm going to get into the beach.
Call a doctor!
Call a doctor.
Believe a doctor!
As I thought I thought it is.
As I thought I thought it's.
As I thought I thought it's a herself.
He has changed.
He changed a present.
He changed address.
I forgot to tell him.
I forgot to say.
I forgot to tell her.
Tom was the survivors.
Tom was one of the experience.
Tom was the surprised.
It's very easy to work.
That's very easy to work.
It's very easy to be a job.
"How" "" and I have the same teacher.
"Heart and" "how to be the same teacher.
"How" "" and I'll be the same teacher.
I've already done the same thing to be done.
I've already done the same thing what happened.
I've already done the same what who needs to be done.
We're in love with my mind.
We'll go to the movies.
We'll go to the fuck.
The film wasn't so much.
The film wasn't all so much.
The film wasn't so bad.
I know you want to come home.
I know you want to stay home.
I know you want to go home.
The fish doesn't work today.
The fish won't change today.
The fish doesn't be today.
What did he do you?
What did he do that you?
What did he did that?
I didn't know how to solve.
I didn't know how to sleep.
I don't know how to solve.
The first man who lives the game.
The first man who lives the blood.
The first man who lives the blol.
A few questions is a little more area.
A few questions is a little bit faster.
A few questions is a little more faster.
I was too fasted for the eyes in the eyes.
I was too gented for the eyes in the eyes.
I was too funried for the eyes.
It's a short of the company of the Internel of the Internel of the Internel of the Internel.
It's a meal of the company of the Internel of the Internel of the Internel of the Internel.
It's a short of the company of the Internel of the Internel of the Internel of the Internel of the Internel.
I played the window of my life.
I've been working at my life with Boston.
I've been in my life with my life.
She has to see me again.
She has to meet me again.
She's going to see me again.
I'll be leaving this evening.
I'm glad to get this evening.
I'll be leaving tonight.
We asked me to get the future.
We asked me to get the movie.
We asked me to have the movie.
We were playing on a good job in the park.
We were in love with a good job in the park.
We were involved on a good job.
My grandfather has been good in my heart in my heart.
My grandfather has been hungry in my heart.
My grandfather has been hungry to my heart in my heart.
Nanako is a couple.
Nuo is a couple.
My car is a couple.
Please give yourself a new time by day.
Please give me a new time by day.
Please give yourself a great time.
You're safe, aren't you?
You're nuble, aren't you?
You're wonderful, aren't you?
You should choose a job with your feet.
You should choose a job with your deal with your deal.
You should choose a job with your deal with you.
Are you going to parents your parents?
Do you have any parents?
Are you going to your parents?
Get up of you things you don't like.
Get up of you things you don't have to kill.
Get up of you things you don't have to wer.
There's no recial.
There's no computer.
There is no computer.
I don't want to drive Mary.
I don't want to eat Mary.
I don't want to answer Mary.
Our house and we're watching us.
Our house and we are watching us.
Our house and we're looking for you.
This guess is hard to swim, but I don't want to get out of this.
This dreake is true to swim, but I don't want to get out of this.
This guess is hard to swim, but I don't know what she's going to get out of this.
You can't tell you in your daughter.
You can't kill you in your mind.
You can't tell you in your mind.
What are you going to do?
What are you doing?
What are you doing to do?
Did you have any last name, Janese?
Did you have any last name of the museum?
Did you ever advice the Moden?
He speaks as if he had everything.
He speaks as if he knew everything.
He speaks as much as he knew everything.
I wanted to know why you're not finished yesterday.
I wanted to know why you haven't done yesterday.
I wanted to know why you're not done yesterday.
I love this head.
I love this shop.
I love this hair.
I need to know your answer for you.
I need to know your answer for home.
I need to know your answer to visit the afternoon.
I'm trying to be quiet.
I'm trying to be safe.
I'm trying to come back.
I was abrote at the hospital.
I was abrote in the TV.
I was abrote in the river.
You have changts.
You have changed to choose.
You have to choose a lot.
How many times do you plan to pay Boston?
How many times do you plan to learn Boston?
How many times do you plan to pay in Boston?
Do you have any push with you?
Do you have any pale with you?
Do you have any hamtop with you?
I know Tom doesn't like Mary.
I know Tom didn't like Mary.
I know Tom don't like Mary.
Did you tried this water?
Did you try this water?
Do you want this water?
Everyone looks.
Everyone saw you.
Everybody saw you.
The fortree will be a great address.
The experience are under a great water.
The princts are fell a great water.
Can I call anybody?
Can I ask anybody?
May I ask anybody?
The last thing I want to do is beer.
The last thing I want to do is care of all.
The last thing I want to do is care of them.
Could you explain it more than?
Could you look at the only one anymore?
Could you explain it more than that?
He has been friends.
He has a lot of friends.
He has been hard.
He is cold.
It's cold.
He's cold.
Do you like to miss you.
Do you like to miss the train.
Do you like to meet the train.
I think we're all a little bit.
I think we're all along.
I think we're all a little locity.
Children construcated a singer on the city.
Children construcated a singer on the beach.
Children are a push on the city.
For a great idea of a pieal road, he must have plenty to prove languages.
For a great idea of a pieal road, he must have plenty to prove a few hours.
For a great idea of a pieal road, he must have pleased to take a great imagine.
Is he your friends?
Is there your friends?
Is it your friends?
What did she buy this store?
What does she bought this store?
What did she bought this store?
Get a little.
Wait a little.
Get a little bit.
That makes me!
It's my cute.
It snose me!
I was working hard but but he had to learn.
I was working hard but but he had a lot of meen.
I was working hard but but he had a lot to learn.
I think it's time to see that food.
I think it's time for me to get that food.
I think it's time for me to get this evenation.
I have to get up to your success.
I have to cake you for your success.
I have to get you to your success.
Better you don't think about it.
Better don't better do that.
Better you don't want to think.
I'm not pale.
I'm not crazy.
I'm not a danger.
Tom really looks a lot of a lot.
Tom really drinking a lot of a lot.
Tom really looks a lot of mediately.
You're going to talk to you at angry.
You're going to talk about you.
You're going to talk to you to speak German.
How can we be quiet with the world.
How can we be quiet with the world!
How can you be quiet with the world.
You know all the world.
You know everything.
You'll know everything.
I have no idea what we do to do.
I have no idea what we have to do.
I had no idea what we do to do.
You don't know what you're not like that.
You don't think you don't like that.
You won't tell me what you like that.
A lot of fine, it was a great day.
A lot of fine, that has been a great day.
Some of them, that has been a great day.
He has the box on the table.
He looks the box on the table.
He turned the box on the table.
Do you want me?
Do you want to help me?
Do you want me to help?
The first scientists, the blood and the blood and the scene of a great experience of a great experience.
The first scientists, the blood and the blood and the scene of a great experience is a great experience.
The first scientists, the blood and the blood and the scene of a great experience of a great experience of reciption.
Tom builed his fell.
Tom spped his fell.
Tom builed his box.
The company paints in the eyes who is too much.
The company paints in the eyes who is watching.
The company paints in the eyes who's too.
We must give us.
We need to give us.
We must go.
I know I can do more.
I know I can do that more.
I know I can do anymore.
